nohup: 忽略输入
=============== start wordcount-100G ===============
2022年 01月 20日 星期四 23:59:48 CST
=============== start wordcount-100G ===============
mv: 无法获取"/usr/local/home/yyq/bo/ganrs_bo/config/wordcount-100G" 的文件状态(stat): 没有那个文件或目录
mv: 无法获取"/usr/local/home/yyq/bo/ganrs_bo/logs.json" 的文件状态(stat): 没有那个文件或目录
mv: 无法获取"/usr/local/home/yyq/bo/ganrs_bo/generationConf.csv" 的文件状态(stat): 没有那个文件或目录
mv: 无法获取"/usr/local/home/yyq/bo/ganrs_bo/ganrs_target.png" 的文件状态(stat): 没有那个文件或目录
================= config1 =================
2022年 01月 20日 星期四 23:59:49 CST
/usr/local/home/python3/python3/lib/python3.8/subprocess.py:848: RuntimeWarning: line buffering (buffering=1) isn't supported in binary mode, the default buffer size will be used
  self.stdout = io.open(c2pread, 'rb', bufsize)
/usr/local/home/python3/python3/lib/python3.8/subprocess.py:853: RuntimeWarning: line buffering (buffering=1) isn't supported in binary mode, the default buffer size will be used
  self.stderr = io.open(errread, 'rb', bufsize)
cmd

end before line
finish
-------------------stop k8s-node02 --------------
kill: 用法:kill [-s 信号声明 | -n 信号编号 | -信号声明] 进程号 | 任务声明 ... 或 kill -l [信号声明]
/usr/local/home/zwr/stop.sh: 第 3 行:kill: (67880) - 没有那个进程
-------------------stop k8s-node03 --------------
kill: 用法:kill [-s 信号声明 | -n 信号编号 | -信号声明] 进程号 | 任务声明 ... 或 kill -l [信号声明]
/usr/local/home/zwr/stop.sh: 第 3 行:kill: (285183) - 没有那个进程
================= config2 =================
2022年 01月 21日 星期五 00:03:02 CST
/usr/local/home/python3/python3/lib/python3.8/subprocess.py:848: RuntimeWarning: line buffering (buffering=1) isn't supported in binary mode, the default buffer size will be used
  self.stdout = io.open(c2pread, 'rb', bufsize)
/usr/local/home/python3/python3/lib/python3.8/subprocess.py:853: RuntimeWarning: line buffering (buffering=1) isn't supported in binary mode, the default buffer size will be used
  self.stderr = io.open(errread, 'rb', bufsize)
cmd

end before line
finish
-------------------stop k8s-node02 --------------
kill: 用法:kill [-s 信号声明 | -n 信号编号 | -信号声明] 进程号 | 任务声明 ... 或 kill -l [信号声明]
/usr/local/home/zwr/stop.sh: 第 3 行:kill: (69532) - 没有那个进程
-------------------stop k8s-node03 --------------
kill: 用法:kill [-s 信号声明 | -n 信号编号 | -信号声明] 进程号 | 任务声明 ... 或 kill -l [信号声明]
/usr/local/home/zwr/stop.sh: 第 3 行:kill: (286869) - 没有那个进程
================= config3 =================
2022年 01月 21日 星期五 00:06:09 CST
/usr/local/home/python3/python3/lib/python3.8/subprocess.py:848: RuntimeWarning: line buffering (buffering=1) isn't supported in binary mode, the default buffer size will be used
  self.stdout = io.open(c2pread, 'rb', bufsize)
/usr/local/home/python3/python3/lib/python3.8/subprocess.py:853: RuntimeWarning: line buffering (buffering=1) isn't supported in binary mode, the default buffer size will be used
  self.stderr = io.open(errread, 'rb', bufsize)
cmd

end before line
finish
-------------------stop k8s-node02 --------------
kill: 用法:kill [-s 信号声明 | -n 信号编号 | -信号声明] 进程号 | 任务声明 ... 或 kill -l [信号声明]
/usr/local/home/zwr/stop.sh: 第 3 行:kill: (71271) - 没有那个进程
-------------------stop k8s-node03 --------------
kill: 用法:kill [-s 信号声明 | -n 信号编号 | -信号声明] 进程号 | 任务声明 ... 或 kill -l [信号声明]
/usr/local/home/zwr/stop.sh: 第 3 行:kill: (288530) - 没有那个进程
================= config4 =================
2022年 01月 21日 星期五 00:09:16 CST
/usr/local/home/python3/python3/lib/python3.8/subprocess.py:848: RuntimeWarning: line buffering (buffering=1) isn't supported in binary mode, the default buffer size will be used
  self.stdout = io.open(c2pread, 'rb', bufsize)
/usr/local/home/python3/python3/lib/python3.8/subprocess.py:853: RuntimeWarning: line buffering (buffering=1) isn't supported in binary mode, the default buffer size will be used
  self.stderr = io.open(errread, 'rb', bufsize)
cmd

end before line
finish
-------------------stop k8s-node02 --------------
kill: 用法:kill [-s 信号声明 | -n 信号编号 | -信号声明] 进程号 | 任务声明 ... 或 kill -l [信号声明]
/usr/local/home/zwr/stop.sh: 第 3 行:kill: (72732) - 没有那个进程
-------------------stop k8s-node03 --------------
kill: 用法:kill [-s 信号声明 | -n 信号编号 | -信号声明] 进程号 | 任务声明 ... 或 kill -l [信号声明]
/usr/local/home/zwr/stop.sh: 第 3 行:kill: (290027) - 没有那个进程
================= config5 =================
2022年 01月 21日 星期五 00:12:00 CST
/usr/local/home/python3/python3/lib/python3.8/subprocess.py:848: RuntimeWarning: line buffering (buffering=1) isn't supported in binary mode, the default buffer size will be used
  self.stdout = io.open(c2pread, 'rb', bufsize)
/usr/local/home/python3/python3/lib/python3.8/subprocess.py:853: RuntimeWarning: line buffering (buffering=1) isn't supported in binary mode, the default buffer size will be used
  self.stderr = io.open(errread, 'rb', bufsize)
cmd

end before line
finish
-------------------stop k8s-node02 --------------
kill: 用法:kill [-s 信号声明 | -n 信号编号 | -信号声明] 进程号 | 任务声明 ... 或 kill -l [信号声明]
/usr/local/home/zwr/stop.sh: 第 3 行:kill: (74723) - 没有那个进程
-------------------stop k8s-node03 --------------
kill: 用法:kill [-s 信号声明 | -n 信号编号 | -信号声明] 进程号 | 任务声明 ... 或 kill -l [信号声明]
/usr/local/home/zwr/stop.sh: 第 3 行:kill: (291971) - 没有那个进程
================= config6 =================
2022年 01月 21日 星期五 00:15:43 CST
/usr/local/home/python3/python3/lib/python3.8/subprocess.py:848: RuntimeWarning: line buffering (buffering=1) isn't supported in binary mode, the default buffer size will be used
  self.stdout = io.open(c2pread, 'rb', bufsize)
/usr/local/home/python3/python3/lib/python3.8/subprocess.py:853: RuntimeWarning: line buffering (buffering=1) isn't supported in binary mode, the default buffer size will be used
  self.stderr = io.open(errread, 'rb', bufsize)
cmd

end before line
finish
-------------------stop k8s-node02 --------------
kill: 用法:kill [-s 信号声明 | -n 信号编号 | -信号声明] 进程号 | 任务声明 ... 或 kill -l [信号声明]
/usr/local/home/zwr/stop.sh: 第 3 行:kill: (76617) - 没有那个进程
-------------------stop k8s-node03 --------------
kill: 用法:kill [-s 信号声明 | -n 信号编号 | -信号声明] 进程号 | 任务声明 ... 或 kill -l [信号声明]
/usr/local/home/zwr/stop.sh: 第 3 行:kill: (293906) - 没有那个进程
================= config7 =================
2022年 01月 21日 星期五 00:19:21 CST
/usr/local/home/python3/python3/lib/python3.8/subprocess.py:848: RuntimeWarning: line buffering (buffering=1) isn't supported in binary mode, the default buffer size will be used
  self.stdout = io.open(c2pread, 'rb', bufsize)
/usr/local/home/python3/python3/lib/python3.8/subprocess.py:853: RuntimeWarning: line buffering (buffering=1) isn't supported in binary mode, the default buffer size will be used
  self.stderr = io.open(errread, 'rb', bufsize)
cmd

end before line
finish
-------------------stop k8s-node02 --------------
kill: 用法:kill [-s 信号声明 | -n 信号编号 | -信号声明] 进程号 | 任务声明 ... 或 kill -l [信号声明]
/usr/local/home/zwr/stop.sh: 第 3 行:kill: (78444) - 没有那个进程
-------------------stop k8s-node03 --------------
kill: 用法:kill [-s 信号声明 | -n 信号编号 | -信号声明] 进程号 | 任务声明 ... 或 kill -l [信号声明]
/usr/local/home/zwr/stop.sh: 第 3 行:kill: (295730) - 没有那个进程
================= config8 =================
2022年 01月 21日 星期五 00:22:44 CST
/usr/local/home/python3/python3/lib/python3.8/subprocess.py:848: RuntimeWarning: line buffering (buffering=1) isn't supported in binary mode, the default buffer size will be used
  self.stdout = io.open(c2pread, 'rb', bufsize)
/usr/local/home/python3/python3/lib/python3.8/subprocess.py:853: RuntimeWarning: line buffering (buffering=1) isn't supported in binary mode, the default buffer size will be used
  self.stderr = io.open(errread, 'rb', bufsize)
cmd

end before line
finish
-------------------stop k8s-node02 --------------
kill: 用法:kill [-s 信号声明 | -n 信号编号 | -信号声明] 进程号 | 任务声明 ... 或 kill -l [信号声明]
/usr/local/home/zwr/stop.sh: 第 3 行:kill: (79838) - 没有那个进程
-------------------stop k8s-node03 --------------
kill: 用法:kill [-s 信号声明 | -n 信号编号 | -信号声明] 进程号 | 任务声明 ... 或 kill -l [信号声明]
/usr/local/home/zwr/stop.sh: 第 3 行:kill: (297157) - 没有那个进程
================= config9 =================
2022年 01月 21日 星期五 00:25:23 CST
/usr/local/home/python3/python3/lib/python3.8/subprocess.py:848: RuntimeWarning: line buffering (buffering=1) isn't supported in binary mode, the default buffer size will be used
  self.stdout = io.open(c2pread, 'rb', bufsize)
/usr/local/home/python3/python3/lib/python3.8/subprocess.py:853: RuntimeWarning: line buffering (buffering=1) isn't supported in binary mode, the default buffer size will be used
  self.stderr = io.open(errread, 'rb', bufsize)
cmd

end before line
finish
-------------------stop k8s-node02 --------------
kill: 用法:kill [-s 信号声明 | -n 信号编号 | -信号声明] 进程号 | 任务声明 ... 或 kill -l [信号声明]
/usr/local/home/zwr/stop.sh: 第 3 行:kill: (81519) - 没有那个进程
-------------------stop k8s-node03 --------------
kill: 用法:kill [-s 信号声明 | -n 信号编号 | -信号声明] 进程号 | 任务声明 ... 或 kill -l [信号声明]
/usr/local/home/zwr/stop.sh: 第 3 行:kill: (298849) - 没有那个进程
================= config10 =================
2022年 01月 21日 星期五 00:28:32 CST
/usr/local/home/python3/python3/lib/python3.8/subprocess.py:848: RuntimeWarning: line buffering (buffering=1) isn't supported in binary mode, the default buffer size will be used
  self.stdout = io.open(c2pread, 'rb', bufsize)
/usr/local/home/python3/python3/lib/python3.8/subprocess.py:853: RuntimeWarning: line buffering (buffering=1) isn't supported in binary mode, the default buffer size will be used
  self.stderr = io.open(errread, 'rb', bufsize)
cmd

end before line
finish
-------------------stop k8s-node02 --------------
kill: 用法:kill [-s 信号声明 | -n 信号编号 | -信号声明] 进程号 | 任务声明 ... 或 kill -l [信号声明]
/usr/local/home/zwr/stop.sh: 第 3 行:kill: (2330) - 没有那个进程
-------------------stop k8s-node03 --------------
kill: 用法:kill [-s 信号声明 | -n 信号编号 | -信号声明] 进程号 | 任务声明 ... 或 kill -l [信号声明]
/usr/local/home/zwr/stop.sh: 第 3 行:kill: (300771) - 没有那个进程
================= config11 =================
2022年 01月 21日 星期五 00:32:08 CST
/usr/local/home/python3/python3/lib/python3.8/subprocess.py:848: RuntimeWarning: line buffering (buffering=1) isn't supported in binary mode, the default buffer size will be used
  self.stdout = io.open(c2pread, 'rb', bufsize)
/usr/local/home/python3/python3/lib/python3.8/subprocess.py:853: RuntimeWarning: line buffering (buffering=1) isn't supported in binary mode, the default buffer size will be used
  self.stderr = io.open(errread, 'rb', bufsize)
cmd

end before line
finish
-------------------stop k8s-node02 --------------
kill: 用法:kill [-s 信号声明 | -n 信号编号 | -信号声明] 进程号 | 任务声明 ... 或 kill -l [信号声明]
/usr/local/home/zwr/stop.sh: 第 3 行:kill: (3825) - 没有那个进程
-------------------stop k8s-node03 --------------
kill: 用法:kill [-s 信号声明 | -n 信号编号 | -信号声明] 进程号 | 任务声明 ... 或 kill -l [信号声明]
/usr/local/home/zwr/stop.sh: 第 3 行:kill: (302258) - 没有那个进程
================= config12 =================
2022年 01月 21日 星期五 00:34:56 CST
/usr/local/home/python3/python3/lib/python3.8/subprocess.py:848: RuntimeWarning: line buffering (buffering=1) isn't supported in binary mode, the default buffer size will be used
  self.stdout = io.open(c2pread, 'rb', bufsize)
/usr/local/home/python3/python3/lib/python3.8/subprocess.py:853: RuntimeWarning: line buffering (buffering=1) isn't supported in binary mode, the default buffer size will be used
  self.stderr = io.open(errread, 'rb', bufsize)
cmd

end before line
finish
-------------------stop k8s-node02 --------------
kill: 用法:kill [-s 信号声明 | -n 信号编号 | -信号声明] 进程号 | 任务声明 ... 或 kill -l [信号声明]
/usr/local/home/zwr/stop.sh: 第 3 行:kill: (5799) - 没有那个进程
-------------------stop k8s-node03 --------------
kill: 用法:kill [-s 信号声明 | -n 信号编号 | -信号声明] 进程号 | 任务声明 ... 或 kill -l [信号声明]
/usr/local/home/zwr/stop.sh: 第 3 行:kill: (304229) - 没有那个进程
================= config13 =================
2022年 01月 21日 星期五 00:38:35 CST
/usr/local/home/python3/python3/lib/python3.8/subprocess.py:848: RuntimeWarning: line buffering (buffering=1) isn't supported in binary mode, the default buffer size will be used
  self.stdout = io.open(c2pread, 'rb', bufsize)
/usr/local/home/python3/python3/lib/python3.8/subprocess.py:853: RuntimeWarning: line buffering (buffering=1) isn't supported in binary mode, the default buffer size will be used
  self.stderr = io.open(errread, 'rb', bufsize)
cmd

end before line
finish
-------------------stop k8s-node02 --------------
kill: 用法:kill [-s 信号声明 | -n 信号编号 | -信号声明] 进程号 | 任务声明 ... 或 kill -l [信号声明]
/usr/local/home/zwr/stop.sh: 第 3 行:kill: (7676) - 没有那个进程
-------------------stop k8s-node03 --------------
kill: 用法:kill [-s 信号声明 | -n 信号编号 | -信号声明] 进程号 | 任务声明 ... 或 kill -l [信号声明]
/usr/local/home/zwr/stop.sh: 第 3 行:kill: (306148) - 没有那个进程
================= config14 =================
2022年 01月 21日 星期五 00:42:10 CST
/usr/local/home/python3/python3/lib/python3.8/subprocess.py:848: RuntimeWarning: line buffering (buffering=1) isn't supported in binary mode, the default buffer size will be used
  self.stdout = io.open(c2pread, 'rb', bufsize)
/usr/local/home/python3/python3/lib/python3.8/subprocess.py:853: RuntimeWarning: line buffering (buffering=1) isn't supported in binary mode, the default buffer size will be used
  self.stderr = io.open(errread, 'rb', bufsize)
cmd

end before line
finish
-------------------stop k8s-node02 --------------
kill: 用法:kill [-s 信号声明 | -n 信号编号 | -信号声明] 进程号 | 任务声明 ... 或 kill -l [信号声明]
/usr/local/home/zwr/stop.sh: 第 3 行:kill: (9262) - 没有那个进程
-------------------stop k8s-node03 --------------
kill: 用法:kill [-s 信号声明 | -n 信号编号 | -信号声明] 进程号 | 任务声明 ... 或 kill -l [信号声明]
/usr/local/home/zwr/stop.sh: 第 3 行:kill: (307756) - 没有那个进程
================= config15 =================
2022年 01月 21日 星期五 00:45:09 CST
/usr/local/home/python3/python3/lib/python3.8/subprocess.py:848: RuntimeWarning: line buffering (buffering=1) isn't supported in binary mode, the default buffer size will be used
  self.stdout = io.open(c2pread, 'rb', bufsize)
/usr/local/home/python3/python3/lib/python3.8/subprocess.py:853: RuntimeWarning: line buffering (buffering=1) isn't supported in binary mode, the default buffer size will be used
  self.stderr = io.open(errread, 'rb', bufsize)
cmd

end before line
finish
-------------------stop k8s-node02 --------------
kill: 用法:kill [-s 信号声明 | -n 信号编号 | -信号声明] 进程号 | 任务声明 ... 或 kill -l [信号声明]
/usr/local/home/zwr/stop.sh: 第 3 行:kill: (10982) - 没有那个进程
-------------------stop k8s-node03 --------------
kill: 用法:kill [-s 信号声明 | -n 信号编号 | -信号声明] 进程号 | 任务声明 ... 或 kill -l [信号声明]
/usr/local/home/zwr/stop.sh: 第 3 行:kill: (309470) - 没有那个进程
------------使用ganrs生成初始样本点------------
probe说：没见过！帮你计算target！x = [5.33193788e+01 4.07692862e-01 4.08721627e-01 4.28573144e+02
 2.61681428e+00 7.44145873e+00 5.98991718e+00 7.76821731e+02
 3.91799337e+01 1.10590173e+02 5.96060994e+00 1.82095099e+09
 5.81948713e-01 3.17771678e-01 7.90174229e+02 6.43787850e-01
 1.78195136e-01 1.65623174e+09 1.20597168e+09 2.84707905e+01
 7.42507504e-01 5.95686389e+02 8.94925600e-01 4.73415083e+01
 3.02497738e+00 2.51394667e+02 1.39051369e+00] target = -183.908
probe说：没见过！帮你计算target！x = [4.28675685e+01 1.40746993e-01 6.07135414e-02 3.93556946e+02
 3.64446930e+00 6.98965947e+00 5.87925780e+00 8.51668602e+02
 1.23782765e+02 9.31409320e+01 8.57337554e+00 1.87549621e+09
 5.21985691e-01 7.60688846e-01 8.28775597e+02 8.84544630e-01
 8.77848053e-01 1.19460116e+09 1.36950398e+09 6.79266959e+01
 6.25224782e-01 7.16521028e+02 4.17988136e-03 2.54852725e+01
 1.63892287e+00 2.02457372e+02 3.01906931e+00] target = -179.084
probe说：没见过！帮你计算target！x = [3.97823627e+01 1.15543176e-01 3.51536455e-02 3.81675844e+02
 3.16460178e+00 7.67150086e+00 6.02507724e+00 7.70379947e+02
 1.17096234e+02 1.03815510e+02 8.15968761e+00 1.45631339e+09
 6.36266771e-01 8.21524567e-01 6.33221539e+02 8.18097058e-01
 8.16030709e-01 1.15889715e+09 1.24155624e+09 6.33054689e+01
 8.61337347e-01 7.25863440e+02 2.11685019e-01 3.08660419e+01
 2.20907368e+00 1.52883692e+02 3.57468630e+00] target = -179.087
probe说：没见过！帮你计算target！x = [3.95929466e+01 1.73268376e-02 1.59660620e-01 4.14161720e+02
 3.54955641e+00 7.62073063e+00 6.68653313e+00 8.64959448e+02
 1.08081493e+02 1.03316930e+02 8.37383529e+00 1.83099258e+09
 6.02064026e-01 9.13730684e-01 8.57742422e+02 8.07655518e-01
 8.35268489e-01 1.23996914e+09 1.54146018e+09 6.45368590e+01
 7.29617189e-01 6.34408607e+02 7.99912261e-02 2.56548741e+01
 3.96747997e+00 2.05710182e+02 3.97996996e+00] target = -155.071
probe说：没见过！帮你计算target！x = [4.28215386e+01 5.89319547e-02 4.23167414e-01 3.71248975e+02
 2.94106354e+00 6.64297115e+00 6.88928611e+00 8.24021897e+02
 9.80709155e+01 9.20464493e+01 7.16142994e+00 1.89839606e+09
 5.72342034e-01 9.98293099e-01 7.87745313e+02 7.02524353e-01
 6.69701984e-01 1.46586775e+09 1.32842701e+09 6.68378217e+01
 8.21893407e-01 5.78968033e+02 3.03742819e-01 2.67030991e+01
 4.80175918e+00 1.62066636e+02 3.86369913e+00] target = -214.836
probe说：没见过！帮你计算target！x = [3.27023743e+01 2.59177176e-01 3.10056084e-01 3.54312852e+02
 2.98926773e+00 7.44034420e+00 6.08698808e+00 7.98106217e+02
 1.27096395e+02 8.11768297e+01 7.00396626e+00 1.71139670e+09
 5.74805988e-01 7.01874479e-01 7.34695355e+02 7.44055100e-01
 9.38329457e-01 1.28424322e+09 1.30545188e+09 6.22702759e+01
 5.01865256e-01 6.50098799e+02 1.78804887e-01 1.97406978e+01
 4.26378917e+00 1.88533698e+02 3.64894883e+00] target = -208.98
probe说：没见过！帮你计算target！x = [3.95449788e+01 1.84221522e-02 7.46859378e-02 3.96769813e+02
 3.11330229e+00 7.82605300e+00 6.30934637e+00 7.73051420e+02
 1.05915143e+02 1.12714419e+02 7.19959238e+00 1.77785121e+09
 5.75601203e-01 7.73618979e-01 7.71536307e+02 8.52332360e-01
 9.49835002e-01 1.16362348e+09 1.30902629e+09 7.05300933e+01
 5.62419285e-01 6.23842042e+02 5.38633220e-02 2.15433598e+01
 4.10759104e+00 1.84041633e+02 3.94647607e+00] target = -194.961
probe说：没见过！帮你计算target！x = [4.54188966e+01 2.37860161e-02 8.50115976e-02 4.07698655e+02
 3.57264857e+00 6.82710940e+00 5.92518492e+00 7.83579844e+02
 1.18906367e+02 8.42077272e+01 7.24940397e+00 2.03023037e+09
 5.46739603e-01 7.90541476e-01 9.36159729e+02 8.69864530e-01
 9.58717411e-01 1.20740523e+09 1.40718306e+09 6.20540388e+01
 7.18601741e-01 5.81237342e+02 2.60818818e-01 3.11243752e+01
 4.57169950e+00 1.72684094e+02 3.43952948e+00] target = -151.136
probe说：没见过！帮你计算target！x = [4.16258511e+01 1.44253734e-01 1.38394832e-01 3.82898857e+02
 3.75604233e+00 6.33022117e+00 5.39350844e+00 8.47278422e+02
 1.15630093e+02 6.78808515e+01 8.14458192e+00 1.89420821e+09
 5.65201799e-01 6.76904337e-01 9.29760481e+02 8.79233819e-01
 9.34003583e-01 1.24545279e+09 1.39464644e+09 5.71461452e+01
 8.68818276e-01 6.66796606e+02 3.61973695e-01 3.63926610e+01
 4.12487149e+00 1.97303764e+02 3.23365324e+00] target = -180.033
probe说：没见过！帮你计算target！x = [4.78741395e+01 6.47399109e-02 8.39505598e-02 3.94525834e+02
 3.28930735e+00 7.34306242e+00 6.38974804e+00 8.47669200e+02
 1.09000324e+02 7.65639454e+01 6.76837399e+00 2.05055453e+09
 5.41451093e-01 8.40436079e-01 8.97143601e+02 8.41975141e-01
 8.26835931e-01 1.15377798e+09 1.47397108e+09 5.74358687e+01
 7.66986953e-01 6.12640687e+02 3.57293893e-01 3.43324805e+01
 4.36960504e+00 1.86198561e+02 3.65265450e+00] target = -207.324
probe说：没见过！帮你计算target！x = [4.93775871e+01 1.67600225e-02 1.16646685e-01 3.99364568e+02
 3.64532675e+00 7.02466805e+00 5.75479030e+00 7.29419193e+02
 1.22075174e+02 7.96518276e+01 7.17150798e+00 2.07866100e+09
 5.23057964e-01 8.09405773e-01 9.48133219e+02 8.34449272e-01
 9.59231699e-01 1.12609544e+09 1.54268331e+09 6.31605845e+01
 8.11979964e-01 5.91381409e+02 3.46299740e-01 3.32457239e+01
 4.04527868e+00 1.84956964e+02 3.42136147e+00] target = -160.226
probe说：没见过！帮你计算target！x = [4.82705848e+01 1.11912976e-01 2.52143676e-02 4.12922251e+02
 3.28744412e+00 6.37636284e+00 5.65828406e+00 7.38729744e+02
 1.09666571e+02 8.70326328e+01 7.00445270e+00 2.03932615e+09
 5.29857561e-01 8.85638127e-01 9.73097195e+02 8.72719195e-01
 8.64522314e-01 1.26947710e+09 1.49415369e+09 5.65017082e+01
 6.70578533e-01 6.38500920e+02 3.18420544e-01 2.94701837e+01
 4.48313681e+00 1.51671438e+02 3.74492107e+00] target = -209.713
probe说：没见过！帮你计算target！x = [4.24909147e+01 3.14148023e-03 1.87130367e-01 4.14815357e+02
 3.43027865e+00 6.49936061e+00 6.22018401e+00 8.28460594e+02
 1.14370422e+02 8.45918298e+01 7.65406895e+00 2.01522228e+09
 5.33288908e-01 8.48042167e-01 9.31193462e+02 8.38172051e-01
 8.74248798e-01 1.32475231e+09 1.28842334e+09 5.80488887e+01
 6.48883987e-01 6.04079945e+02 2.97565831e-01 3.00344940e+01
 4.42393568e+00 1.71234077e+02 3.54903361e+00] target = -206.659
probe说：没见过！帮你计算target！x = [4.77371404e+01 1.20307684e-02 1.78648838e-01 3.82113027e+02
 3.43892062e+00 6.65795995e+00 6.26478779e+00 7.98122140e+02
 1.11094457e+02 9.26705800e+01 7.42692673e+00 2.10690014e+09
 5.48228084e-01 7.86517737e-01 9.57383165e+02 8.68904765e-01
 9.72479457e-01 1.20551778e+09 1.37779910e+09 5.91081604e+01
 6.35756442e-01 5.63342306e+02 2.26390654e-01 2.81255318e+01
 4.24454658e+00 1.88766600e+02 3.18167909e+00] target = -170.839
probe说：没见过！帮你计算target！x = [4.80297667e+01 7.14532248e-02 4.38736928e-02 4.31024798e+02
 3.39702842e+00 7.00231031e+00 5.89591855e+00 7.68299220e+02
 1.21714109e+02 8.28140592e+01 7.39956994e+00 2.00296445e+09
 5.76452278e-01 8.75041670e-01 9.62798455e+02 8.91910385e-01
 8.95856595e-01 1.23765447e+09 1.36135707e+09 6.60967080e+01
 7.89673081e-01 6.11588512e+02 3.30525856e-01 3.31920863e+01
 4.50897835e+00 1.72462438e+02 3.16593015e+00] target = -186.878
{'maxIndex': 30, 'target': -151.136, 'params': {'spark.broadcast.blockSize': 45.41889659274381, 'spark.broadcast.checksum': 0.02378601610388478, 'spark.broadcast.compress': 0.08501159758827032, 'spark.default.parallelism': 407.698654802062, 'spark.executor.cores': 3.5726485717989576, 'spark.executor.instances': 6.827109401017277, 'spark.executor.memory': 5.925184921556183, 'spark.executor.memoryOverhead': 783.5798440847846, 'spark.kryoserializer.buffer': 118.90636677532366, 'spark.kryoserializer.buffer.max': 84.20772717468436, 'spark.locality.wait': 7.24940396690653, 'spark.maxRemoteBlockSizeFetchToMem': 2030230367.9198194, 'spark.memory.fraction': 0.5467396026953896, 'spark.memory.offHeap.enabled': 0.7905414756199012, 'spark.memory.offHeap.size': 936.1597293510214, 'spark.memory.storageFraction': 0.8698645297342459, 'spark.rdd.compress': 0.9587174114436235, 'spark.reducer.maxBlocksInFlightPerAddress': 1207405232.6754203, 'spark.reducer.maxReqsInFlight': 1407183064.2829504, 'spark.reducer.maxSizeInFlight': 62.05403875976368, 'spark.scheduler.mode': 0.7186017413913404, 'spark.scheduler.revive.interval': 581.2373418155374, 'spark.shuffle.compress': 0.26081881831903764, 'spark.shuffle.file.buffer': 31.12437516976926, 'spark.shuffle.io.numConnectionsPerPeer': 4.571699503176869, 'spark.shuffle.sort.bypassMergeThreshold': 172.68409359479983, 'spark.storage.memoryMapThreshold': 3.4395294825652805}}
=============== finish wordcount-100G ===============
2022年 01月 21日 星期五 00:48:24 CST
=============== finish wordcount-100G ===============
