nohup: 忽略输入
=============== start terasort-20G ===============
2022年 01月 14日 星期五 19:55:37 CST
=============== start terasort-20G ===============
mv: 无法获取"/usr/local/home/yyq/bo/lhs_bo/config/terasort-20G" 的文件状态(stat): 没有那个文件或目录
mv: 无法获取"/usr/local/home/yyq/bo/lhs_bo/generationConf.csv" 的文件状态(stat): 没有那个文件或目录
mv: 无法获取"/usr/local/home/yyq/bo/lhs_bo/lhs_target.png" 的文件状态(stat): 没有那个文件或目录
================= config1 =================
2022年 01月 14日 星期五 19:55:39 CST
/usr/local/home/python3/python3/lib/python3.8/subprocess.py:848: RuntimeWarning: line buffering (buffering=1) isn't supported in binary mode, the default buffer size will be used
  self.stdout = io.open(c2pread, 'rb', bufsize)
/usr/local/home/python3/python3/lib/python3.8/subprocess.py:853: RuntimeWarning: line buffering (buffering=1) isn't supported in binary mode, the default buffer size will be used
  self.stderr = io.open(errread, 'rb', bufsize)
cmd

end before line
finish
-------------------stop k8s-node02 --------------
kill: 用法:kill [-s 信号声明 | -n 信号编号 | -信号声明] 进程号 | 任务声明 ... 或 kill -l [信号声明]
/usr/local/home/zwr/stop.sh: 第 3 行:kill: (70310) - 没有那个进程
-------------------stop k8s-node03 --------------
kill: 用法:kill [-s 信号声明 | -n 信号编号 | -信号声明] 进程号 | 任务声明 ... 或 kill -l [信号声明]
/usr/local/home/zwr/stop.sh: 第 3 行:kill: (155258) - 没有那个进程
================= config2 =================
2022年 01月 14日 星期五 20:00:55 CST
/usr/local/home/python3/python3/lib/python3.8/subprocess.py:848: RuntimeWarning: line buffering (buffering=1) isn't supported in binary mode, the default buffer size will be used
  self.stdout = io.open(c2pread, 'rb', bufsize)
/usr/local/home/python3/python3/lib/python3.8/subprocess.py:853: RuntimeWarning: line buffering (buffering=1) isn't supported in binary mode, the default buffer size will be used
  self.stderr = io.open(errread, 'rb', bufsize)
cmd

end before line
finish
-------------------stop k8s-node02 --------------
kill: 用法:kill [-s 信号声明 | -n 信号编号 | -信号声明] 进程号 | 任务声明 ... 或 kill -l [信号声明]
/usr/local/home/zwr/stop.sh: 第 3 行:kill: (73131) - 没有那个进程
-------------------stop k8s-node03 --------------
kill: 用法:kill [-s 信号声明 | -n 信号编号 | -信号声明] 进程号 | 任务声明 ... 或 kill -l [信号声明]
/usr/local/home/zwr/stop.sh: 第 3 行:kill: (158005) - 没有那个进程
================= config3 =================
2022年 01月 14日 星期五 20:06:05 CST
/usr/local/home/python3/python3/lib/python3.8/subprocess.py:848: RuntimeWarning: line buffering (buffering=1) isn't supported in binary mode, the default buffer size will be used
  self.stdout = io.open(c2pread, 'rb', bufsize)
/usr/local/home/python3/python3/lib/python3.8/subprocess.py:853: RuntimeWarning: line buffering (buffering=1) isn't supported in binary mode, the default buffer size will be used
  self.stderr = io.open(errread, 'rb', bufsize)
cmd

end before line
finish
-------------------stop k8s-node02 --------------
kill: 用法:kill [-s 信号声明 | -n 信号编号 | -信号声明] 进程号 | 任务声明 ... 或 kill -l [信号声明]
/usr/local/home/zwr/stop.sh: 第 3 行:kill: (79157) - 没有那个进程
-------------------stop k8s-node03 --------------
kill: 用法:kill [-s 信号声明 | -n 信号编号 | -信号声明] 进程号 | 任务声明 ... 或 kill -l [信号声明]
/usr/local/home/zwr/stop.sh: 第 3 行:kill: (164051) - 没有那个进程
================= config4 =================
2022年 01月 14日 星期五 20:17:38 CST
/usr/local/home/python3/python3/lib/python3.8/subprocess.py:848: RuntimeWarning: line buffering (buffering=1) isn't supported in binary mode, the default buffer size will be used
  self.stdout = io.open(c2pread, 'rb', bufsize)
/usr/local/home/python3/python3/lib/python3.8/subprocess.py:853: RuntimeWarning: line buffering (buffering=1) isn't supported in binary mode, the default buffer size will be used
  self.stderr = io.open(errread, 'rb', bufsize)
cmd

end before line
finish
-------------------stop k8s-node02 --------------
kill: 用法:kill [-s 信号声明 | -n 信号编号 | -信号声明] 进程号 | 任务声明 ... 或 kill -l [信号声明]
/usr/local/home/zwr/stop.sh: 第 3 行:kill: (1656) - 没有那个进程
-------------------stop k8s-node03 --------------
kill: 用法:kill [-s 信号声明 | -n 信号编号 | -信号声明] 进程号 | 任务声明 ... 或 kill -l [信号声明]
/usr/local/home/zwr/stop.sh: 第 3 行:kill: (167695) - 没有那个进程
================= config5 =================
2022年 01月 14日 星期五 20:24:31 CST
/usr/local/home/python3/python3/lib/python3.8/subprocess.py:848: RuntimeWarning: line buffering (buffering=1) isn't supported in binary mode, the default buffer size will be used
  self.stdout = io.open(c2pread, 'rb', bufsize)
/usr/local/home/python3/python3/lib/python3.8/subprocess.py:853: RuntimeWarning: line buffering (buffering=1) isn't supported in binary mode, the default buffer size will be used
  self.stderr = io.open(errread, 'rb', bufsize)
cmd

end before line
finish
-------------------stop k8s-node02 --------------
kill: 用法:kill [-s 信号声明 | -n 信号编号 | -信号声明] 进程号 | 任务声明 ... 或 kill -l [信号声明]
/usr/local/home/zwr/stop.sh: 第 3 行:kill: (15978) - 没有那个进程
-------------------stop k8s-node03 --------------
kill: 用法:kill [-s 信号声明 | -n 信号编号 | -信号声明] 进程号 | 任务声明 ... 或 kill -l [信号声明]
/usr/local/home/zwr/stop.sh: 第 3 行:kill: (181180) - 没有那个进程
================= config6 =================
2022年 01月 14日 星期五 20:48:17 CST
/usr/local/home/python3/python3/lib/python3.8/subprocess.py:848: RuntimeWarning: line buffering (buffering=1) isn't supported in binary mode, the default buffer size will be used
  self.stdout = io.open(c2pread, 'rb', bufsize)
/usr/local/home/python3/python3/lib/python3.8/subprocess.py:853: RuntimeWarning: line buffering (buffering=1) isn't supported in binary mode, the default buffer size will be used
  self.stderr = io.open(errread, 'rb', bufsize)
cmd

end before line
finish
-------------------stop k8s-node02 --------------
kill: 用法:kill [-s 信号声明 | -n 信号编号 | -信号声明] 进程号 | 任务声明 ... 或 kill -l [信号声明]
/usr/local/home/zwr/stop.sh: 第 3 行:kill: (23966) - 没有那个进程
-------------------stop k8s-node03 --------------
kill: 用法:kill [-s 信号声明 | -n 信号编号 | -信号声明] 进程号 | 任务声明 ... 或 kill -l [信号声明]
/usr/local/home/zwr/stop.sh: 第 3 行:kill: (187519) - 没有那个进程
================= config7 =================
2022年 01月 14日 星期五 20:58:53 CST
/usr/local/home/python3/python3/lib/python3.8/subprocess.py:848: RuntimeWarning: line buffering (buffering=1) isn't supported in binary mode, the default buffer size will be used
  self.stdout = io.open(c2pread, 'rb', bufsize)
/usr/local/home/python3/python3/lib/python3.8/subprocess.py:853: RuntimeWarning: line buffering (buffering=1) isn't supported in binary mode, the default buffer size will be used
  self.stderr = io.open(errread, 'rb', bufsize)
cmd

end before line
finish
-------------------stop k8s-node02 --------------
kill: 用法:kill [-s 信号声明 | -n 信号编号 | -信号声明] 进程号 | 任务声明 ... 或 kill -l [信号声明]
/usr/local/home/zwr/stop.sh: 第 3 行:kill: (34114) - 没有那个进程
-------------------stop k8s-node03 --------------
kill: 用法:kill [-s 信号声明 | -n 信号编号 | -信号声明] 进程号 | 任务声明 ... 或 kill -l [信号声明]
/usr/local/home/zwr/stop.sh: 第 3 行:kill: (196012) - 没有那个进程
================= config8 =================
2022年 01月 14日 星期五 21:13:41 CST
/usr/local/home/python3/python3/lib/python3.8/subprocess.py:848: RuntimeWarning: line buffering (buffering=1) isn't supported in binary mode, the default buffer size will be used
  self.stdout = io.open(c2pread, 'rb', bufsize)
/usr/local/home/python3/python3/lib/python3.8/subprocess.py:853: RuntimeWarning: line buffering (buffering=1) isn't supported in binary mode, the default buffer size will be used
  self.stderr = io.open(errread, 'rb', bufsize)
cmd

end before line
finish
-------------------stop k8s-node02 --------------
kill: 用法:kill [-s 信号声明 | -n 信号编号 | -信号声明] 进程号 | 任务声明 ... 或 kill -l [信号声明]
/usr/local/home/zwr/stop.sh: 第 3 行:kill: (37980) - 没有那个进程
-------------------stop k8s-node03 --------------
kill: 用法:kill [-s 信号声明 | -n 信号编号 | -信号声明] 进程号 | 任务声明 ... 或 kill -l [信号声明]
/usr/local/home/zwr/stop.sh: 第 3 行:kill: (198893) - 没有那个进程
================= config9 =================
2022年 01月 14日 星期五 21:18:32 CST
/usr/local/home/python3/python3/lib/python3.8/subprocess.py:848: RuntimeWarning: line buffering (buffering=1) isn't supported in binary mode, the default buffer size will be used
  self.stdout = io.open(c2pread, 'rb', bufsize)
/usr/local/home/python3/python3/lib/python3.8/subprocess.py:853: RuntimeWarning: line buffering (buffering=1) isn't supported in binary mode, the default buffer size will be used
  self.stderr = io.open(errread, 'rb', bufsize)
cmd

end before line
finish
-------------------stop k8s-node02 --------------
kill: 用法:kill [-s 信号声明 | -n 信号编号 | -信号声明] 进程号 | 任务声明 ... 或 kill -l [信号声明]
/usr/local/home/zwr/stop.sh: 第 3 行:kill: (58111) - 没有那个进程
-------------------stop k8s-node03 --------------
kill: 用法:kill [-s 信号声明 | -n 信号编号 | -信号声明] 进程号 | 任务声明 ... 或 kill -l [信号声明]
/usr/local/home/zwr/stop.sh: 第 3 行:kill: (214019) - 没有那个进程
================= config10 =================
2022年 01月 14日 星期五 21:43:37 CST
/usr/local/home/python3/python3/lib/python3.8/subprocess.py:848: RuntimeWarning: line buffering (buffering=1) isn't supported in binary mode, the default buffer size will be used
  self.stdout = io.open(c2pread, 'rb', bufsize)
/usr/local/home/python3/python3/lib/python3.8/subprocess.py:853: RuntimeWarning: line buffering (buffering=1) isn't supported in binary mode, the default buffer size will be used
  self.stderr = io.open(errread, 'rb', bufsize)
cmd

end before line
finish
-------------------stop k8s-node02 --------------
kill: 用法:kill [-s 信号声明 | -n 信号编号 | -信号声明] 进程号 | 任务声明 ... 或 kill -l [信号声明]
/usr/local/home/zwr/stop.sh: 第 3 行:kill: (62064) - 没有那个进程
-------------------stop k8s-node03 --------------
kill: 用法:kill [-s 信号声明 | -n 信号编号 | -信号声明] 进程号 | 任务声明 ... 或 kill -l [信号声明]
/usr/local/home/zwr/stop.sh: 第 3 行:kill: (216965) - 没有那个进程
================= config11 =================
2022年 01月 14日 星期五 21:48:28 CST
/usr/local/home/python3/python3/lib/python3.8/subprocess.py:848: RuntimeWarning: line buffering (buffering=1) isn't supported in binary mode, the default buffer size will be used
  self.stdout = io.open(c2pread, 'rb', bufsize)
/usr/local/home/python3/python3/lib/python3.8/subprocess.py:853: RuntimeWarning: line buffering (buffering=1) isn't supported in binary mode, the default buffer size will be used
  self.stderr = io.open(errread, 'rb', bufsize)
cmd

end before line
finish
-------------------stop k8s-node02 --------------
kill: 用法:kill [-s 信号声明 | -n 信号编号 | -信号声明] 进程号 | 任务声明 ... 或 kill -l [信号声明]
/usr/local/home/zwr/stop.sh: 第 3 行:kill: (77357) - 没有那个进程
-------------------stop k8s-node03 --------------
kill: 用法:kill [-s 信号声明 | -n 信号编号 | -信号声明] 进程号 | 任务声明 ... 或 kill -l [信号声明]
/usr/local/home/zwr/stop.sh: 第 3 行:kill: (228818) - 没有那个进程
================= config12 =================
2022年 01月 14日 星期五 22:08:17 CST
/usr/local/home/python3/python3/lib/python3.8/subprocess.py:848: RuntimeWarning: line buffering (buffering=1) isn't supported in binary mode, the default buffer size will be used
  self.stdout = io.open(c2pread, 'rb', bufsize)
/usr/local/home/python3/python3/lib/python3.8/subprocess.py:853: RuntimeWarning: line buffering (buffering=1) isn't supported in binary mode, the default buffer size will be used
  self.stderr = io.open(errread, 'rb', bufsize)
cmd

end before line
finish
-------------------stop k8s-node02 --------------
kill: 用法:kill [-s 信号声明 | -n 信号编号 | -信号声明] 进程号 | 任务声明 ... 或 kill -l [信号声明]
/usr/local/home/zwr/stop.sh: 第 3 行:kill: (80774) - 没有那个进程
-------------------stop k8s-node03 --------------
kill: 用法:kill [-s 信号声明 | -n 信号编号 | -信号声明] 进程号 | 任务声明 ... 或 kill -l [信号声明]
/usr/local/home/zwr/stop.sh: 第 3 行:kill: (231727) - 没有那个进程
================= config13 =================
2022年 01月 14日 星期五 22:13:05 CST
/usr/local/home/python3/python3/lib/python3.8/subprocess.py:848: RuntimeWarning: line buffering (buffering=1) isn't supported in binary mode, the default buffer size will be used
  self.stdout = io.open(c2pread, 'rb', bufsize)
/usr/local/home/python3/python3/lib/python3.8/subprocess.py:853: RuntimeWarning: line buffering (buffering=1) isn't supported in binary mode, the default buffer size will be used
  self.stderr = io.open(errread, 'rb', bufsize)
cmd

end before line
finish
-------------------stop k8s-node02 --------------
kill: 用法:kill [-s 信号声明 | -n 信号编号 | -信号声明] 进程号 | 任务声明 ... 或 kill -l [信号声明]
/usr/local/home/zwr/stop.sh: 第 3 行:kill: (3298) - 没有那个进程
-------------------stop k8s-node03 --------------
kill: 用法:kill [-s 信号声明 | -n 信号编号 | -信号声明] 进程号 | 任务声明 ... 或 kill -l [信号声明]
/usr/local/home/zwr/stop.sh: 第 3 行:kill: (234527) - 没有那个进程
================= config14 =================
2022年 01月 14日 星期五 22:17:51 CST
/usr/local/home/python3/python3/lib/python3.8/subprocess.py:848: RuntimeWarning: line buffering (buffering=1) isn't supported in binary mode, the default buffer size will be used
  self.stdout = io.open(c2pread, 'rb', bufsize)
/usr/local/home/python3/python3/lib/python3.8/subprocess.py:853: RuntimeWarning: line buffering (buffering=1) isn't supported in binary mode, the default buffer size will be used
  self.stderr = io.open(errread, 'rb', bufsize)
cmd

end before line
finish
-------------------stop k8s-node02 --------------
kill: 用法:kill [-s 信号声明 | -n 信号编号 | -信号声明] 进程号 | 任务声明 ... 或 kill -l [信号声明]
/usr/local/home/zwr/stop.sh: 第 3 行:kill: (7173) - 没有那个进程
-------------------stop k8s-node03 --------------
kill: 用法:kill [-s 信号声明 | -n 信号编号 | -信号声明] 进程号 | 任务声明 ... 或 kill -l [信号声明]
/usr/local/home/zwr/stop.sh: 第 3 行:kill: (237563) - 没有那个进程
================= config15 =================
2022年 01月 14日 星期五 22:22:52 CST
/usr/local/home/python3/python3/lib/python3.8/subprocess.py:848: RuntimeWarning: line buffering (buffering=1) isn't supported in binary mode, the default buffer size will be used
  self.stdout = io.open(c2pread, 'rb', bufsize)
/usr/local/home/python3/python3/lib/python3.8/subprocess.py:853: RuntimeWarning: line buffering (buffering=1) isn't supported in binary mode, the default buffer size will be used
  self.stderr = io.open(errread, 'rb', bufsize)
cmd

end before line
finish
-------------------stop k8s-node02 --------------
kill: 用法:kill [-s 信号声明 | -n 信号编号 | -信号声明] 进程号 | 任务声明 ... 或 kill -l [信号声明]
/usr/local/home/zwr/stop.sh: 第 3 行:kill: (10093) - 没有那个进程
-------------------stop k8s-node03 --------------
kill: 用法:kill [-s 信号声明 | -n 信号编号 | -信号声明] 进程号 | 任务声明 ... 或 kill -l [信号声明]
/usr/local/home/zwr/stop.sh: 第 3 行:kill: (240213) - 没有那个进程
================= config16 =================
2022年 01月 14日 星期五 22:27:38 CST
/usr/local/home/python3/python3/lib/python3.8/subprocess.py:848: RuntimeWarning: line buffering (buffering=1) isn't supported in binary mode, the default buffer size will be used
  self.stdout = io.open(c2pread, 'rb', bufsize)
/usr/local/home/python3/python3/lib/python3.8/subprocess.py:853: RuntimeWarning: line buffering (buffering=1) isn't supported in binary mode, the default buffer size will be used
  self.stderr = io.open(errread, 'rb', bufsize)
cmd

end before line
finish
-------------------stop k8s-node02 --------------
kill: 用法:kill [-s 信号声明 | -n 信号编号 | -信号声明] 进程号 | 任务声明 ... 或 kill -l [信号声明]
/usr/local/home/zwr/stop.sh: 第 3 行:kill: (14933) - 没有那个进程
-------------------stop k8s-node03 --------------
kill: 用法:kill [-s 信号声明 | -n 信号编号 | -信号声明] 进程号 | 任务声明 ... 或 kill -l [信号声明]
/usr/local/home/zwr/stop.sh: 第 3 行:kill: (243496) - 没有那个进程
================= config17 =================
2022年 01月 14日 星期五 22:32:37 CST
/usr/local/home/python3/python3/lib/python3.8/subprocess.py:848: RuntimeWarning: line buffering (buffering=1) isn't supported in binary mode, the default buffer size will be used
  self.stdout = io.open(c2pread, 'rb', bufsize)
/usr/local/home/python3/python3/lib/python3.8/subprocess.py:853: RuntimeWarning: line buffering (buffering=1) isn't supported in binary mode, the default buffer size will be used
  self.stderr = io.open(errread, 'rb', bufsize)
cmd

end before line
finish
-------------------stop k8s-node02 --------------
kill: 用法:kill [-s 信号声明 | -n 信号编号 | -信号声明] 进程号 | 任务声明 ... 或 kill -l [信号声明]
/usr/local/home/zwr/stop.sh: 第 3 行:kill: (18836) - 没有那个进程
-------------------stop k8s-node03 --------------
kill: 用法:kill [-s 信号声明 | -n 信号编号 | -信号声明] 进程号 | 任务声明 ... 或 kill -l [信号声明]
/usr/local/home/zwr/stop.sh: 第 3 行:kill: (246398) - 没有那个进程
================= config18 =================
2022年 01月 14日 星期五 22:37:22 CST
/usr/local/home/python3/python3/lib/python3.8/subprocess.py:848: RuntimeWarning: line buffering (buffering=1) isn't supported in binary mode, the default buffer size will be used
  self.stdout = io.open(c2pread, 'rb', bufsize)
/usr/local/home/python3/python3/lib/python3.8/subprocess.py:853: RuntimeWarning: line buffering (buffering=1) isn't supported in binary mode, the default buffer size will be used
  self.stderr = io.open(errread, 'rb', bufsize)
cmd

end before line
finish
-------------------stop k8s-node02 --------------
kill: 用法:kill [-s 信号声明 | -n 信号编号 | -信号声明] 进程号 | 任务声明 ... 或 kill -l [信号声明]
/usr/local/home/zwr/stop.sh: 第 3 行:kill: (31145) - 没有那个进程
-------------------stop k8s-node03 --------------
kill: 用法:kill [-s 信号声明 | -n 信号编号 | -信号声明] 进程号 | 任务声明 ... 或 kill -l [信号声明]
/usr/local/home/zwr/stop.sh: 第 3 行:kill: (255499) - 没有那个进程
================= config19 =================
2022年 01月 14日 星期五 22:52:18 CST
/usr/local/home/python3/python3/lib/python3.8/subprocess.py:848: RuntimeWarning: line buffering (buffering=1) isn't supported in binary mode, the default buffer size will be used
  self.stdout = io.open(c2pread, 'rb', bufsize)
/usr/local/home/python3/python3/lib/python3.8/subprocess.py:853: RuntimeWarning: line buffering (buffering=1) isn't supported in binary mode, the default buffer size will be used
  self.stderr = io.open(errread, 'rb', bufsize)
cmd

end before line
finish
-------------------stop k8s-node02 --------------
kill: 用法:kill [-s 信号声明 | -n 信号编号 | -信号声明] 进程号 | 任务声明 ... 或 kill -l [信号声明]
/usr/local/home/zwr/stop.sh: 第 3 行:kill: (35076) - 没有那个进程
-------------------stop k8s-node03 --------------
kill: 用法:kill [-s 信号声明 | -n 信号编号 | -信号声明] 进程号 | 任务声明 ... 或 kill -l [信号声明]
/usr/local/home/zwr/stop.sh: 第 3 行:kill: (258398) - 没有那个进程
================= config20 =================
2022年 01月 14日 星期五 22:57:02 CST
/usr/local/home/python3/python3/lib/python3.8/subprocess.py:848: RuntimeWarning: line buffering (buffering=1) isn't supported in binary mode, the default buffer size will be used
  self.stdout = io.open(c2pread, 'rb', bufsize)
/usr/local/home/python3/python3/lib/python3.8/subprocess.py:853: RuntimeWarning: line buffering (buffering=1) isn't supported in binary mode, the default buffer size will be used
  self.stderr = io.open(errread, 'rb', bufsize)
cmd

end before line
finish
-------------------stop k8s-node02 --------------
kill: 用法:kill [-s 信号声明 | -n 信号编号 | -信号声明] 进程号 | 任务声明 ... 或 kill -l [信号声明]
/usr/local/home/zwr/stop.sh: 第 3 行:kill: (43354) - 没有那个进程
-------------------stop k8s-node03 --------------
kill: 用法:kill [-s 信号声明 | -n 信号编号 | -信号声明] 进程号 | 任务声明 ... 或 kill -l [信号声明]
/usr/local/home/zwr/stop.sh: 第 3 行:kill: (264598) - 没有那个进程
================= config21 =================
2022年 01月 14日 星期五 23:07:13 CST
/usr/local/home/python3/python3/lib/python3.8/subprocess.py:848: RuntimeWarning: line buffering (buffering=1) isn't supported in binary mode, the default buffer size will be used
  self.stdout = io.open(c2pread, 'rb', bufsize)
/usr/local/home/python3/python3/lib/python3.8/subprocess.py:853: RuntimeWarning: line buffering (buffering=1) isn't supported in binary mode, the default buffer size will be used
  self.stderr = io.open(errread, 'rb', bufsize)
cmd

end before line
finish
-------------------stop k8s-node02 --------------
kill: 用法:kill [-s 信号声明 | -n 信号编号 | -信号声明] 进程号 | 任务声明 ... 或 kill -l [信号声明]
/usr/local/home/zwr/stop.sh: 第 3 行:kill: (46577) - 没有那个进程
-------------------stop k8s-node03 --------------
kill: 用法:kill [-s 信号声明 | -n 信号编号 | -信号声明] 进程号 | 任务声明 ... 或 kill -l [信号声明]
/usr/local/home/zwr/stop.sh: 第 3 行:kill: (267400) - 没有那个进程
================= config22 =================
2022年 01月 14日 星期五 23:12:04 CST
/usr/local/home/python3/python3/lib/python3.8/subprocess.py:848: RuntimeWarning: line buffering (buffering=1) isn't supported in binary mode, the default buffer size will be used
  self.stdout = io.open(c2pread, 'rb', bufsize)
/usr/local/home/python3/python3/lib/python3.8/subprocess.py:853: RuntimeWarning: line buffering (buffering=1) isn't supported in binary mode, the default buffer size will be used
  self.stderr = io.open(errread, 'rb', bufsize)
cmd

end before line
finish
-------------------stop k8s-node02 --------------
kill: 用法:kill [-s 信号声明 | -n 信号编号 | -信号声明] 进程号 | 任务声明 ... 或 kill -l [信号声明]
/usr/local/home/zwr/stop.sh: 第 3 行:kill: (74561) - 没有那个进程
-------------------stop k8s-node03 --------------
kill: 用法:kill [-s 信号声明 | -n 信号编号 | -信号声明] 进程号 | 任务声明 ... 或 kill -l [信号声明]
/usr/local/home/zwr/stop.sh: 第 3 行:kill: (290194) - 没有那个进程
================= config23 =================
2022年 01月 14日 星期五 23:51:37 CST
/usr/local/home/python3/python3/lib/python3.8/subprocess.py:848: RuntimeWarning: line buffering (buffering=1) isn't supported in binary mode, the default buffer size will be used
  self.stdout = io.open(c2pread, 'rb', bufsize)
/usr/local/home/python3/python3/lib/python3.8/subprocess.py:853: RuntimeWarning: line buffering (buffering=1) isn't supported in binary mode, the default buffer size will be used
  self.stderr = io.open(errread, 'rb', bufsize)
cmd

end before line
finish
-------------------stop k8s-node02 --------------
kill: 用法:kill [-s 信号声明 | -n 信号编号 | -信号声明] 进程号 | 任务声明 ... 或 kill -l [信号声明]
/usr/local/home/zwr/stop.sh: 第 3 行:kill: (79448) - 没有那个进程
-------------------stop k8s-node03 --------------
kill: 用法:kill [-s 信号声明 | -n 信号编号 | -信号声明] 进程号 | 任务声明 ... 或 kill -l [信号声明]
/usr/local/home/zwr/stop.sh: 第 3 行:kill: (293529) - 没有那个进程
================= config24 =================
2022年 01月 14日 星期五 23:56:43 CST
/usr/local/home/python3/python3/lib/python3.8/subprocess.py:848: RuntimeWarning: line buffering (buffering=1) isn't supported in binary mode, the default buffer size will be used
  self.stdout = io.open(c2pread, 'rb', bufsize)
/usr/local/home/python3/python3/lib/python3.8/subprocess.py:853: RuntimeWarning: line buffering (buffering=1) isn't supported in binary mode, the default buffer size will be used
  self.stderr = io.open(errread, 'rb', bufsize)
cmd

end before line
finish
-------------------stop k8s-node02 --------------
kill: 用法:kill [-s 信号声明 | -n 信号编号 | -信号声明] 进程号 | 任务声明 ... 或 kill -l [信号声明]
/usr/local/home/zwr/stop.sh: 第 3 行:kill: (2258) - 没有那个进程
-------------------stop k8s-node03 --------------
kill: 用法:kill [-s 信号声明 | -n 信号编号 | -信号声明] 进程号 | 任务声明 ... 或 kill -l [信号声明]
/usr/local/home/zwr/stop.sh: 第 3 行:kill: (296463) - 没有那个进程
================= config25 =================
2022年 01月 15日 星期六 00:01:25 CST
/usr/local/home/python3/python3/lib/python3.8/subprocess.py:848: RuntimeWarning: line buffering (buffering=1) isn't supported in binary mode, the default buffer size will be used
  self.stdout = io.open(c2pread, 'rb', bufsize)
/usr/local/home/python3/python3/lib/python3.8/subprocess.py:853: RuntimeWarning: line buffering (buffering=1) isn't supported in binary mode, the default buffer size will be used
  self.stderr = io.open(errread, 'rb', bufsize)
cmd

end before line
finish
-------------------stop k8s-node02 --------------
kill: 用法:kill [-s 信号声明 | -n 信号编号 | -信号声明] 进程号 | 任务声明 ... 或 kill -l [信号声明]
/usr/local/home/zwr/stop.sh: 第 3 行:kill: (8647) - 没有那个进程
-------------------stop k8s-node03 --------------
kill: 用法:kill [-s 信号声明 | -n 信号编号 | -信号声明] 进程号 | 任务声明 ... 或 kill -l [信号声明]
/usr/local/home/zwr/stop.sh: 第 3 行:kill: (300858) - 没有那个进程
================= config26 =================
2022年 01月 15日 星期六 00:08:19 CST
/usr/local/home/python3/python3/lib/python3.8/subprocess.py:848: RuntimeWarning: line buffering (buffering=1) isn't supported in binary mode, the default buffer size will be used
  self.stdout = io.open(c2pread, 'rb', bufsize)
/usr/local/home/python3/python3/lib/python3.8/subprocess.py:853: RuntimeWarning: line buffering (buffering=1) isn't supported in binary mode, the default buffer size will be used
  self.stderr = io.open(errread, 'rb', bufsize)
cmd

end before line
finish
-------------------stop k8s-node02 --------------
kill: 用法:kill [-s 信号声明 | -n 信号编号 | -信号声明] 进程号 | 任务声明 ... 或 kill -l [信号声明]
/usr/local/home/zwr/stop.sh: 第 3 行:kill: (12899) - 没有那个进程
-------------------stop k8s-node03 --------------
kill: 用法:kill [-s 信号声明 | -n 信号编号 | -信号声明] 进程号 | 任务声明 ... 或 kill -l [信号声明]
/usr/local/home/zwr/stop.sh: 第 3 行:kill: (303886) - 没有那个进程
================= config27 =================
2022年 01月 15日 星期六 00:13:05 CST
/usr/local/home/python3/python3/lib/python3.8/subprocess.py:848: RuntimeWarning: line buffering (buffering=1) isn't supported in binary mode, the default buffer size will be used
  self.stdout = io.open(c2pread, 'rb', bufsize)
/usr/local/home/python3/python3/lib/python3.8/subprocess.py:853: RuntimeWarning: line buffering (buffering=1) isn't supported in binary mode, the default buffer size will be used
  self.stderr = io.open(errread, 'rb', bufsize)
cmd

end before line
finish
-------------------stop k8s-node02 --------------
kill: 用法:kill [-s 信号声明 | -n 信号编号 | -信号声明] 进程号 | 任务声明 ... 或 kill -l [信号声明]
/usr/local/home/zwr/stop.sh: 第 3 行:kill: (16609) - 没有那个进程
-------------------stop k8s-node03 --------------
kill: 用法:kill [-s 信号声明 | -n 信号编号 | -信号声明] 进程号 | 任务声明 ... 或 kill -l [信号声明]
/usr/local/home/zwr/stop.sh: 第 3 行:kill: (306588) - 没有那个进程
================= config28 =================
2022年 01月 15日 星期六 00:17:31 CST
/usr/local/home/python3/python3/lib/python3.8/subprocess.py:848: RuntimeWarning: line buffering (buffering=1) isn't supported in binary mode, the default buffer size will be used
  self.stdout = io.open(c2pread, 'rb', bufsize)
/usr/local/home/python3/python3/lib/python3.8/subprocess.py:853: RuntimeWarning: line buffering (buffering=1) isn't supported in binary mode, the default buffer size will be used
  self.stderr = io.open(errread, 'rb', bufsize)
cmd

end before line
finish
-------------------stop k8s-node02 --------------
kill: 用法:kill [-s 信号声明 | -n 信号编号 | -信号声明] 进程号 | 任务声明 ... 或 kill -l [信号声明]
/usr/local/home/zwr/stop.sh: 第 3 行:kill: (25411) - 没有那个进程
-------------------stop k8s-node03 --------------
kill: 用法:kill [-s 信号声明 | -n 信号编号 | -信号声明] 进程号 | 任务声明 ... 或 kill -l [信号声明]
/usr/local/home/zwr/stop.sh: 第 3 行:kill: (2924) - 没有那个进程
================= config29 =================
2022年 01月 15日 星期六 00:29:06 CST
/usr/local/home/python3/python3/lib/python3.8/subprocess.py:848: RuntimeWarning: line buffering (buffering=1) isn't supported in binary mode, the default buffer size will be used
  self.stdout = io.open(c2pread, 'rb', bufsize)
/usr/local/home/python3/python3/lib/python3.8/subprocess.py:853: RuntimeWarning: line buffering (buffering=1) isn't supported in binary mode, the default buffer size will be used
  self.stderr = io.open(errread, 'rb', bufsize)
cmd

end before line
finish
-------------------stop k8s-node02 --------------
kill: 用法:kill [-s 信号声明 | -n 信号编号 | -信号声明] 进程号 | 任务声明 ... 或 kill -l [信号声明]
/usr/local/home/zwr/stop.sh: 第 3 行:kill: (29124) - 没有那个进程
-------------------stop k8s-node03 --------------
kill: 用法:kill [-s 信号声明 | -n 信号编号 | -信号声明] 进程号 | 任务声明 ... 或 kill -l [信号声明]
/usr/local/home/zwr/stop.sh: 第 3 行:kill: (6365) - 没有那个进程
================= config30 =================
2022年 01月 15日 星期六 00:33:53 CST
/usr/local/home/python3/python3/lib/python3.8/subprocess.py:848: RuntimeWarning: line buffering (buffering=1) isn't supported in binary mode, the default buffer size will be used
  self.stdout = io.open(c2pread, 'rb', bufsize)
/usr/local/home/python3/python3/lib/python3.8/subprocess.py:853: RuntimeWarning: line buffering (buffering=1) isn't supported in binary mode, the default buffer size will be used
  self.stderr = io.open(errread, 'rb', bufsize)
cmd

end before line
finish
-------------------stop k8s-node02 --------------
kill: 用法:kill [-s 信号声明 | -n 信号编号 | -信号声明] 进程号 | 任务声明 ... 或 kill -l [信号声明]
/usr/local/home/zwr/stop.sh: 第 3 行:kill: (32718) - 没有那个进程
-------------------stop k8s-node03 --------------
kill: 用法:kill [-s 信号声明 | -n 信号编号 | -信号声明] 进程号 | 任务声明 ... 或 kill -l [信号声明]
/usr/local/home/zwr/stop.sh: 第 3 行:kill: (9213) - 没有那个进程
================= config31 =================
2022年 01月 15日 星期六 00:38:35 CST
/usr/local/home/python3/python3/lib/python3.8/subprocess.py:848: RuntimeWarning: line buffering (buffering=1) isn't supported in binary mode, the default buffer size will be used
  self.stdout = io.open(c2pread, 'rb', bufsize)
/usr/local/home/python3/python3/lib/python3.8/subprocess.py:853: RuntimeWarning: line buffering (buffering=1) isn't supported in binary mode, the default buffer size will be used
  self.stderr = io.open(errread, 'rb', bufsize)
cmd

end before line
finish
-------------------stop k8s-node02 --------------
kill: 用法:kill [-s 信号声明 | -n 信号编号 | -信号声明] 进程号 | 任务声明 ... 或 kill -l [信号声明]
/usr/local/home/zwr/stop.sh: 第 3 行:kill: (43905) - 没有那个进程
-------------------stop k8s-node03 --------------
kill: 用法:kill [-s 信号声明 | -n 信号编号 | -信号声明] 进程号 | 任务声明 ... 或 kill -l [信号声明]
/usr/local/home/zwr/stop.sh: 第 3 行:kill: (18740) - 没有那个进程
================= config32 =================
2022年 01月 15日 星期六 00:55:19 CST
/usr/local/home/python3/python3/lib/python3.8/subprocess.py:848: RuntimeWarning: line buffering (buffering=1) isn't supported in binary mode, the default buffer size will be used
  self.stdout = io.open(c2pread, 'rb', bufsize)
/usr/local/home/python3/python3/lib/python3.8/subprocess.py:853: RuntimeWarning: line buffering (buffering=1) isn't supported in binary mode, the default buffer size will be used
  self.stderr = io.open(errread, 'rb', bufsize)
cmd

end before line
finish
-------------------stop k8s-node02 --------------
kill: 用法:kill [-s 信号声明 | -n 信号编号 | -信号声明] 进程号 | 任务声明 ... 或 kill -l [信号声明]
/usr/local/home/zwr/stop.sh: 第 3 行:kill: (48511) - 没有那个进程
-------------------stop k8s-node03 --------------
kill: 用法:kill [-s 信号声明 | -n 信号编号 | -信号声明] 进程号 | 任务声明 ... 或 kill -l [信号声明]
/usr/local/home/zwr/stop.sh: 第 3 行:kill: (21827) - 没有那个进程
================= config33 =================
2022年 01月 15日 星期六 01:00:00 CST
/usr/local/home/python3/python3/lib/python3.8/subprocess.py:848: RuntimeWarning: line buffering (buffering=1) isn't supported in binary mode, the default buffer size will be used
  self.stdout = io.open(c2pread, 'rb', bufsize)
/usr/local/home/python3/python3/lib/python3.8/subprocess.py:853: RuntimeWarning: line buffering (buffering=1) isn't supported in binary mode, the default buffer size will be used
  self.stderr = io.open(errread, 'rb', bufsize)
cmd

end before line
finish
-------------------stop k8s-node02 --------------
kill: 用法:kill [-s 信号声明 | -n 信号编号 | -信号声明] 进程号 | 任务声明 ... 或 kill -l [信号声明]
/usr/local/home/zwr/stop.sh: 第 3 行:kill: (52413) - 没有那个进程
-------------------stop k8s-node03 --------------
kill: 用法:kill [-s 信号声明 | -n 信号编号 | -信号声明] 进程号 | 任务声明 ... 或 kill -l [信号声明]
/usr/local/home/zwr/stop.sh: 第 3 行:kill: (24838) - 没有那个进程
================= config34 =================
2022年 01月 15日 星期六 01:04:56 CST
/usr/local/home/python3/python3/lib/python3.8/subprocess.py:848: RuntimeWarning: line buffering (buffering=1) isn't supported in binary mode, the default buffer size will be used
  self.stdout = io.open(c2pread, 'rb', bufsize)
/usr/local/home/python3/python3/lib/python3.8/subprocess.py:853: RuntimeWarning: line buffering (buffering=1) isn't supported in binary mode, the default buffer size will be used
  self.stderr = io.open(errread, 'rb', bufsize)
cmd

end before line
finish
-------------------stop k8s-node02 --------------
kill: 用法:kill [-s 信号声明 | -n 信号编号 | -信号声明] 进程号 | 任务声明 ... 或 kill -l [信号声明]
/usr/local/home/zwr/stop.sh: 第 3 行:kill: (56990) - 没有那个进程
-------------------stop k8s-node03 --------------
kill: 用法:kill [-s 信号声明 | -n 信号编号 | -信号声明] 进程号 | 任务声明 ... 或 kill -l [信号声明]
/usr/local/home/zwr/stop.sh: 第 3 行:kill: (27839) - 没有那个进程
================= config35 =================
2022年 01月 15日 星期六 01:09:37 CST
/usr/local/home/python3/python3/lib/python3.8/subprocess.py:848: RuntimeWarning: line buffering (buffering=1) isn't supported in binary mode, the default buffer size will be used
  self.stdout = io.open(c2pread, 'rb', bufsize)
/usr/local/home/python3/python3/lib/python3.8/subprocess.py:853: RuntimeWarning: line buffering (buffering=1) isn't supported in binary mode, the default buffer size will be used
  self.stderr = io.open(errread, 'rb', bufsize)
cmd

end before line
finish
-------------------stop k8s-node02 --------------
kill: 用法:kill [-s 信号声明 | -n 信号编号 | -信号声明] 进程号 | 任务声明 ... 或 kill -l [信号声明]
/usr/local/home/zwr/stop.sh: 第 3 行:kill: (63330) - 没有那个进程
-------------------stop k8s-node03 --------------
kill: 用法:kill [-s 信号声明 | -n 信号编号 | -信号声明] 进程号 | 任务声明 ... 或 kill -l [信号声明]
/usr/local/home/zwr/stop.sh: 第 3 行:kill: (32405) - 没有那个进程
================= config36 =================
2022年 01月 15日 星期六 01:17:03 CST
/usr/local/home/python3/python3/lib/python3.8/subprocess.py:848: RuntimeWarning: line buffering (buffering=1) isn't supported in binary mode, the default buffer size will be used
  self.stdout = io.open(c2pread, 'rb', bufsize)
/usr/local/home/python3/python3/lib/python3.8/subprocess.py:853: RuntimeWarning: line buffering (buffering=1) isn't supported in binary mode, the default buffer size will be used
  self.stderr = io.open(errread, 'rb', bufsize)
cmd

end before line
finish
-------------------stop k8s-node02 --------------
kill: 用法:kill [-s 信号声明 | -n 信号编号 | -信号声明] 进程号 | 任务声明 ... 或 kill -l [信号声明]
/usr/local/home/zwr/stop.sh: 第 3 行:kill: (75342) - 没有那个进程
-------------------stop k8s-node03 --------------
kill: 用法:kill [-s 信号声明 | -n 信号编号 | -信号声明] 进程号 | 任务声明 ... 或 kill -l [信号声明]
/usr/local/home/zwr/stop.sh: 第 3 行:kill: (41677) - 没有那个进程
================= config37 =================
2022年 01月 15日 星期六 01:32:42 CST
/usr/local/home/python3/python3/lib/python3.8/subprocess.py:848: RuntimeWarning: line buffering (buffering=1) isn't supported in binary mode, the default buffer size will be used
  self.stdout = io.open(c2pread, 'rb', bufsize)
/usr/local/home/python3/python3/lib/python3.8/subprocess.py:853: RuntimeWarning: line buffering (buffering=1) isn't supported in binary mode, the default buffer size will be used
  self.stderr = io.open(errread, 'rb', bufsize)
cmd

end before line
finish
-------------------stop k8s-node02 --------------
kill: 用法:kill [-s 信号声明 | -n 信号编号 | -信号声明] 进程号 | 任务声明 ... 或 kill -l [信号声明]
/usr/local/home/zwr/stop.sh: 第 3 行:kill: (28427) - 没有那个进程
-------------------stop k8s-node03 --------------
kill: 用法:kill [-s 信号声明 | -n 信号编号 | -信号声明] 进程号 | 任务声明 ... 或 kill -l [信号声明]
/usr/local/home/zwr/stop.sh: 第 3 行:kill: (73122) - 没有那个进程
================= config38 =================
2022年 01月 15日 星期六 02:31:06 CST
/usr/local/home/python3/python3/lib/python3.8/subprocess.py:848: RuntimeWarning: line buffering (buffering=1) isn't supported in binary mode, the default buffer size will be used
  self.stdout = io.open(c2pread, 'rb', bufsize)
/usr/local/home/python3/python3/lib/python3.8/subprocess.py:853: RuntimeWarning: line buffering (buffering=1) isn't supported in binary mode, the default buffer size will be used
  self.stderr = io.open(errread, 'rb', bufsize)
cmd

end before line
finish
-------------------stop k8s-node02 --------------
kill: 用法:kill [-s 信号声明 | -n 信号编号 | -信号声明] 进程号 | 任务声明 ... 或 kill -l [信号声明]
/usr/local/home/zwr/stop.sh: 第 3 行:kill: (30869) - 没有那个进程
-------------------stop k8s-node03 --------------
kill: 用法:kill [-s 信号声明 | -n 信号编号 | -信号声明] 进程号 | 任务声明 ... 或 kill -l [信号声明]
/usr/local/home/zwr/stop.sh: 第 3 行:kill: (75591) - 没有那个进程
================= config39 =================
2022年 01月 15日 星期六 02:35:48 CST
/usr/local/home/python3/python3/lib/python3.8/subprocess.py:848: RuntimeWarning: line buffering (buffering=1) isn't supported in binary mode, the default buffer size will be used
  self.stdout = io.open(c2pread, 'rb', bufsize)
/usr/local/home/python3/python3/lib/python3.8/subprocess.py:853: RuntimeWarning: line buffering (buffering=1) isn't supported in binary mode, the default buffer size will be used
  self.stderr = io.open(errread, 'rb', bufsize)
cmd

end before line
finish
-------------------stop k8s-node02 --------------
kill: 用法:kill [-s 信号声明 | -n 信号编号 | -信号声明] 进程号 | 任务声明 ... 或 kill -l [信号声明]
/usr/local/home/zwr/stop.sh: 第 3 行:kill: (33278) - 没有那个进程
-------------------stop k8s-node03 --------------
kill: 用法:kill [-s 信号声明 | -n 信号编号 | -信号声明] 进程号 | 任务声明 ... 或 kill -l [信号声明]
/usr/local/home/zwr/stop.sh: 第 3 行:kill: (78066) - 没有那个进程
================= config40 =================
2022年 01月 15日 星期六 02:40:25 CST
/usr/local/home/python3/python3/lib/python3.8/subprocess.py:848: RuntimeWarning: line buffering (buffering=1) isn't supported in binary mode, the default buffer size will be used
  self.stdout = io.open(c2pread, 'rb', bufsize)
/usr/local/home/python3/python3/lib/python3.8/subprocess.py:853: RuntimeWarning: line buffering (buffering=1) isn't supported in binary mode, the default buffer size will be used
  self.stderr = io.open(errread, 'rb', bufsize)
cmd

end before line
finish
-------------------stop k8s-node02 --------------
kill: 用法:kill [-s 信号声明 | -n 信号编号 | -信号声明] 进程号 | 任务声明 ... 或 kill -l [信号声明]
/usr/local/home/zwr/stop.sh: 第 3 行:kill: (35972) - 没有那个进程
-------------------stop k8s-node03 --------------
kill: 用法:kill [-s 信号声明 | -n 信号编号 | -信号声明] 进程号 | 任务声明 ... 或 kill -l [信号声明]
/usr/local/home/zwr/stop.sh: 第 3 行:kill: (80733) - 没有那个进程
================= config41 =================
2022年 01月 15日 星期六 02:45:30 CST
/usr/local/home/python3/python3/lib/python3.8/subprocess.py:848: RuntimeWarning: line buffering (buffering=1) isn't supported in binary mode, the default buffer size will be used
  self.stdout = io.open(c2pread, 'rb', bufsize)
/usr/local/home/python3/python3/lib/python3.8/subprocess.py:853: RuntimeWarning: line buffering (buffering=1) isn't supported in binary mode, the default buffer size will be used
  self.stderr = io.open(errread, 'rb', bufsize)
cmd

end before line
finish
-------------------stop k8s-node02 --------------
kill: 用法:kill [-s 信号声明 | -n 信号编号 | -信号声明] 进程号 | 任务声明 ... 或 kill -l [信号声明]
/usr/local/home/zwr/stop.sh: 第 3 行:kill: (38730) - 没有那个进程
-------------------stop k8s-node03 --------------
kill: 用法:kill [-s 信号声明 | -n 信号编号 | -信号声明] 进程号 | 任务声明 ... 或 kill -l [信号声明]
/usr/local/home/zwr/stop.sh: 第 3 行:kill: (83512) - 没有那个进程
================= config42 =================
2022年 01月 15日 星期六 02:50:44 CST
/usr/local/home/python3/python3/lib/python3.8/subprocess.py:848: RuntimeWarning: line buffering (buffering=1) isn't supported in binary mode, the default buffer size will be used
  self.stdout = io.open(c2pread, 'rb', bufsize)
/usr/local/home/python3/python3/lib/python3.8/subprocess.py:853: RuntimeWarning: line buffering (buffering=1) isn't supported in binary mode, the default buffer size will be used
  self.stderr = io.open(errread, 'rb', bufsize)
cmd

end before line
finish
-------------------stop k8s-node02 --------------
kill: 用法:kill [-s 信号声明 | -n 信号编号 | -信号声明] 进程号 | 任务声明 ... 或 kill -l [信号声明]
/usr/local/home/zwr/stop.sh: 第 3 行:kill: (42193) - 没有那个进程
-------------------stop k8s-node03 --------------
kill: 用法:kill [-s 信号声明 | -n 信号编号 | -信号声明] 进程号 | 任务声明 ... 或 kill -l [信号声明]
/usr/local/home/zwr/stop.sh: 第 3 行:kill: (87001) - 没有那个进程
================= config43 =================
2022年 01月 15日 星期六 02:57:21 CST
/usr/local/home/python3/python3/lib/python3.8/subprocess.py:848: RuntimeWarning: line buffering (buffering=1) isn't supported in binary mode, the default buffer size will be used
  self.stdout = io.open(c2pread, 'rb', bufsize)
/usr/local/home/python3/python3/lib/python3.8/subprocess.py:853: RuntimeWarning: line buffering (buffering=1) isn't supported in binary mode, the default buffer size will be used
  self.stderr = io.open(errread, 'rb', bufsize)
cmd

end before line
finish
-------------------stop k8s-node02 --------------
kill: 用法:kill [-s 信号声明 | -n 信号编号 | -信号声明] 进程号 | 任务声明 ... 或 kill -l [信号声明]
/usr/local/home/zwr/stop.sh: 第 3 行:kill: (44627) - 没有那个进程
-------------------stop k8s-node03 --------------
kill: 用法:kill [-s 信号声明 | -n 信号编号 | -信号声明] 进程号 | 任务声明 ... 或 kill -l [信号声明]
/usr/local/home/zwr/stop.sh: 第 3 行:kill: (89485) - 没有那个进程
================= config44 =================
2022年 01月 15日 星期六 03:02:00 CST
/usr/local/home/python3/python3/lib/python3.8/subprocess.py:848: RuntimeWarning: line buffering (buffering=1) isn't supported in binary mode, the default buffer size will be used
  self.stdout = io.open(c2pread, 'rb', bufsize)
/usr/local/home/python3/python3/lib/python3.8/subprocess.py:853: RuntimeWarning: line buffering (buffering=1) isn't supported in binary mode, the default buffer size will be used
  self.stderr = io.open(errread, 'rb', bufsize)
cmd

end before line
finish
-------------------stop k8s-node02 --------------
kill: 用法:kill [-s 信号声明 | -n 信号编号 | -信号声明] 进程号 | 任务声明 ... 或 kill -l [信号声明]
/usr/local/home/zwr/stop.sh: 第 3 行:kill: (47959) - 没有那个进程
-------------------stop k8s-node03 --------------
kill: 用法:kill [-s 信号声明 | -n 信号编号 | -信号声明] 进程号 | 任务声明 ... 或 kill -l [信号声明]
/usr/local/home/zwr/stop.sh: 第 3 行:kill: (92821) - 没有那个进程
================= config45 =================
2022年 01月 15日 星期六 03:08:18 CST
/usr/local/home/python3/python3/lib/python3.8/subprocess.py:848: RuntimeWarning: line buffering (buffering=1) isn't supported in binary mode, the default buffer size will be used
  self.stdout = io.open(c2pread, 'rb', bufsize)
/usr/local/home/python3/python3/lib/python3.8/subprocess.py:853: RuntimeWarning: line buffering (buffering=1) isn't supported in binary mode, the default buffer size will be used
  self.stderr = io.open(errread, 'rb', bufsize)
cmd

end before line
finish
-------------------stop k8s-node02 --------------
kill: 用法:kill [-s 信号声明 | -n 信号编号 | -信号声明] 进程号 | 任务声明 ... 或 kill -l [信号声明]
/usr/local/home/zwr/stop.sh: 第 3 行:kill: (55820) - 没有那个进程
-------------------stop k8s-node03 --------------
kill: 用法:kill [-s 信号声明 | -n 信号编号 | -信号声明] 进程号 | 任务声明 ... 或 kill -l [信号声明]
/usr/local/home/zwr/stop.sh: 第 3 行:kill: (100663) - 没有那个进程
------------使用lhs生成初始样本点------------
26859s
{'maxIndex': 27, 'target': -256.614, 'params': {'spark.broadcast.blockSize': 49.97113497094222, 'spark.broadcast.checksum': 0.07852291483410356, 'spark.broadcast.compress': 0.8843841167758716, 'spark.default.parallelism': 479.26048887636745, 'spark.executor.cores': 6.55925653716967, 'spark.executor.instances': 8.704265624605688, 'spark.executor.memory': 11.391040890211471, 'spark.executor.memoryOverhead': 1354.064688477978, 'spark.kryoserializer.buffer': 117.24608863425688, 'spark.kryoserializer.buffer.max': 41.19449881278204, 'spark.locality.wait': 8.341935260943956, 'spark.maxRemoteBlockSizeFetchToMem': 1372259258.895646, 'spark.memory.fraction': 0.7369149543063656, 'spark.memory.offHeap.enabled': 0.7197957093739197, 'spark.memory.offHeap.size': 909.8338044725338, 'spark.memory.storageFraction': 0.6178659395995478, 'spark.rdd.compress': 0.6073765389488749, 'spark.reducer.maxBlocksInFlightPerAddress': 1382413471.2965329, 'spark.reducer.maxReqsInFlight': 2145676271.380199, 'spark.reducer.maxSizeInFlight': 63.096269181232834, 'spark.scheduler.mode': 0.4139779162693674, 'spark.scheduler.revive.interval': 939.571092832118, 'spark.shuffle.compress': 0.7325011151084537, 'spark.shuffle.file.buffer': 45.71990178328819, 'spark.shuffle.io.numConnectionsPerPeer': 1.6864427769876968, 'spark.shuffle.sort.bypassMergeThreshold': 217.93400196834966, 'spark.storage.memoryFraction': 0.5374946704298569, 'spark.storage.memoryMapThreshold': 3.8618292851084144}}
=============== finish terasort-20G ===============
2022年 01月 15日 星期六 03:23:19 CST
=============== finish terasort-20G ===============
