nohup: 忽略输入
no arg(benchmark-size)
nohup: 忽略输入
=============== start wordcount-100G ===============
2022年 01月 10日 星期一 19:30:27 CST
=============== start wordcount-100G ===============
mv: 无法获取"/usr/local/home/yyq/bo/rs_bo_precision/config/wordcount-100G" 的文件状态(stat): 没有那个文件或目录
mv: 无法获取"/usr/local/home/yyq/bo/rs_bo_precision/logs.json" 的文件状态(stat): 没有那个文件或目录
mv: 无法获取"/usr/local/home/yyq/bo/rs_bo_precision/generationConf.csv" 的文件状态(stat): 没有那个文件或目录
mv: 无法获取"/usr/local/home/yyq/bo/rs_bo_precision/rs_precision_target.png" 的文件状态(stat): 没有那个文件或目录
================= config1 =================
2022年 01月 10日 星期一 19:30:28 CST
/usr/local/home/python3/python3/lib/python3.8/subprocess.py:848: RuntimeWarning: line buffering (buffering=1) isn't supported in binary mode, the default buffer size will be used
  self.stdout = io.open(c2pread, 'rb', bufsize)
/usr/local/home/python3/python3/lib/python3.8/subprocess.py:853: RuntimeWarning: line buffering (buffering=1) isn't supported in binary mode, the default buffer size will be used
  self.stderr = io.open(errread, 'rb', bufsize)
cmd

end before line
finish
-------------------stop k8s-node02 --------------
kill: 用法:kill [-s 信号声明 | -n 信号编号 | -信号声明] 进程号 | 任务声明 ... 或 kill -l [信号声明]
/usr/local/home/zwr/stop.sh: 第 3 行:kill: (34694) - 没有那个进程
-------------------stop k8s-node03 --------------
kill: 用法:kill [-s 信号声明 | -n 信号编号 | -信号声明] 进程号 | 任务声明 ... 或 kill -l [信号声明]
/usr/local/home/zwr/stop.sh: 第 3 行:kill: (179106) - 没有那个进程
================= config2 =================
2022年 01月 10日 星期一 19:39:47 CST
/usr/local/home/python3/python3/lib/python3.8/subprocess.py:848: RuntimeWarning: line buffering (buffering=1) isn't supported in binary mode, the default buffer size will be used
  self.stdout = io.open(c2pread, 'rb', bufsize)
/usr/local/home/python3/python3/lib/python3.8/subprocess.py:853: RuntimeWarning: line buffering (buffering=1) isn't supported in binary mode, the default buffer size will be used
  self.stderr = io.open(errread, 'rb', bufsize)
cmd

end before line
finish
-------------------stop k8s-node02 --------------
kill: 用法:kill [-s 信号声明 | -n 信号编号 | -信号声明] 进程号 | 任务声明 ... 或 kill -l [信号声明]
/usr/local/home/zwr/stop.sh: 第 3 行:kill: (43297) - 没有那个进程
-------------------stop k8s-node03 --------------
kill: 用法:kill [-s 信号声明 | -n 信号编号 | -信号声明] 进程号 | 任务声明 ... 或 kill -l [信号声明]
/usr/local/home/zwr/stop.sh: 第 3 行:kill: (185610) - 没有那个进程
================= config3 =================
2022年 01月 10日 星期一 19:50:37 CST
/usr/local/home/python3/python3/lib/python3.8/subprocess.py:848: RuntimeWarning: line buffering (buffering=1) isn't supported in binary mode, the default buffer size will be used
  self.stdout = io.open(c2pread, 'rb', bufsize)
/usr/local/home/python3/python3/lib/python3.8/subprocess.py:853: RuntimeWarning: line buffering (buffering=1) isn't supported in binary mode, the default buffer size will be used
  self.stderr = io.open(errread, 'rb', bufsize)
cmd

end before line
finish
-------------------stop k8s-node02 --------------
kill: 用法:kill [-s 信号声明 | -n 信号编号 | -信号声明] 进程号 | 任务声明 ... 或 kill -l [信号声明]
/usr/local/home/zwr/stop.sh: 第 3 行:kill: (47956) - 没有那个进程
-------------------stop k8s-node03 --------------
kill: 用法:kill [-s 信号声明 | -n 信号编号 | -信号声明] 进程号 | 任务声明 ... 或 kill -l [信号声明]
/usr/local/home/zwr/stop.sh: 第 3 行:kill: (188709) - 没有那个进程
================= config4 =================
2022年 01月 10日 星期一 19:55:19 CST
/usr/local/home/python3/python3/lib/python3.8/subprocess.py:848: RuntimeWarning: line buffering (buffering=1) isn't supported in binary mode, the default buffer size will be used
  self.stdout = io.open(c2pread, 'rb', bufsize)
/usr/local/home/python3/python3/lib/python3.8/subprocess.py:853: RuntimeWarning: line buffering (buffering=1) isn't supported in binary mode, the default buffer size will be used
  self.stderr = io.open(errread, 'rb', bufsize)
cmd

end before line
finish
-------------------stop k8s-node02 --------------
kill: 用法:kill [-s 信号声明 | -n 信号编号 | -信号声明] 进程号 | 任务声明 ... 或 kill -l [信号声明]
/usr/local/home/zwr/stop.sh: 第 3 行:kill: (51651) - 没有那个进程
-------------------stop k8s-node03 --------------
kill: 用法:kill [-s 信号声明 | -n 信号编号 | -信号声明] 进程号 | 任务声明 ... 或 kill -l [信号声明]
/usr/local/home/zwr/stop.sh: 第 3 行:kill: (191301) - 没有那个进程
================= config5 =================
2022年 01月 10日 星期一 19:59:31 CST
/usr/local/home/python3/python3/lib/python3.8/subprocess.py:848: RuntimeWarning: line buffering (buffering=1) isn't supported in binary mode, the default buffer size will be used
  self.stdout = io.open(c2pread, 'rb', bufsize)
/usr/local/home/python3/python3/lib/python3.8/subprocess.py:853: RuntimeWarning: line buffering (buffering=1) isn't supported in binary mode, the default buffer size will be used
  self.stderr = io.open(errread, 'rb', bufsize)
cmd

end before line
finish
-------------------stop k8s-node02 --------------
kill: 用法:kill [-s 信号声明 | -n 信号编号 | -信号声明] 进程号 | 任务声明 ... 或 kill -l [信号声明]
/usr/local/home/zwr/stop.sh: 第 3 行:kill: (56976) - 没有那个进程
-------------------stop k8s-node03 --------------
kill: 用法:kill [-s 信号声明 | -n 信号编号 | -信号声明] 进程号 | 任务声明 ... 或 kill -l [信号声明]
/usr/local/home/zwr/stop.sh: 第 3 行:kill: (195559) - 没有那个进程
================= config6 =================
2022年 01月 10日 星期一 20:06:23 CST
/usr/local/home/python3/python3/lib/python3.8/subprocess.py:848: RuntimeWarning: line buffering (buffering=1) isn't supported in binary mode, the default buffer size will be used
  self.stdout = io.open(c2pread, 'rb', bufsize)
/usr/local/home/python3/python3/lib/python3.8/subprocess.py:853: RuntimeWarning: line buffering (buffering=1) isn't supported in binary mode, the default buffer size will be used
  self.stderr = io.open(errread, 'rb', bufsize)
cmd

end before line
finish
-------------------stop k8s-node02 --------------
kill: 用法:kill [-s 信号声明 | -n 信号编号 | -信号声明] 进程号 | 任务声明 ... 或 kill -l [信号声明]
/usr/local/home/zwr/stop.sh: 第 3 行:kill: (60783) - 没有那个进程
-------------------stop k8s-node03 --------------
kill: 用法:kill [-s 信号声明 | -n 信号编号 | -信号声明] 进程号 | 任务声明 ... 或 kill -l [信号声明]
/usr/local/home/zwr/stop.sh: 第 3 行:kill: (198450) - 没有那个进程
================= config7 =================
2022年 01月 10日 星期一 20:10:06 CST
/usr/local/home/python3/python3/lib/python3.8/subprocess.py:848: RuntimeWarning: line buffering (buffering=1) isn't supported in binary mode, the default buffer size will be used
  self.stdout = io.open(c2pread, 'rb', bufsize)
/usr/local/home/python3/python3/lib/python3.8/subprocess.py:853: RuntimeWarning: line buffering (buffering=1) isn't supported in binary mode, the default buffer size will be used
  self.stderr = io.open(errread, 'rb', bufsize)
cmd

end before line
finish
-------------------stop k8s-node02 --------------
kill: 用法:kill [-s 信号声明 | -n 信号编号 | -信号声明] 进程号 | 任务声明 ... 或 kill -l [信号声明]
/usr/local/home/zwr/stop.sh: 第 3 行:kill: (64482) - 没有那个进程
-------------------stop k8s-node03 --------------
kill: 用法:kill [-s 信号声明 | -n 信号编号 | -信号声明] 进程号 | 任务声明 ... 或 kill -l [信号声明]
/usr/local/home/zwr/stop.sh: 第 3 行:kill: (201335) - 没有那个进程
================= config8 =================
2022年 01月 10日 星期一 20:14:51 CST
/usr/local/home/python3/python3/lib/python3.8/subprocess.py:848: RuntimeWarning: line buffering (buffering=1) isn't supported in binary mode, the default buffer size will be used
  self.stdout = io.open(c2pread, 'rb', bufsize)
/usr/local/home/python3/python3/lib/python3.8/subprocess.py:853: RuntimeWarning: line buffering (buffering=1) isn't supported in binary mode, the default buffer size will be used
  self.stderr = io.open(errread, 'rb', bufsize)
cmd

end before line
finish
-------------------stop k8s-node02 --------------
kill: 用法:kill [-s 信号声明 | -n 信号编号 | -信号声明] 进程号 | 任务声明 ... 或 kill -l [信号声明]
/usr/local/home/zwr/stop.sh: 第 3 行:kill: (71480) - 没有那个进程
-------------------stop k8s-node03 --------------
kill: 用法:kill [-s 信号声明 | -n 信号编号 | -信号声明] 进程号 | 任务声明 ... 或 kill -l [信号声明]
/usr/local/home/zwr/stop.sh: 第 3 行:kill: (206904) - 没有那个进程
================= config9 =================
2022年 01月 10日 星期一 20:24:13 CST
/usr/local/home/python3/python3/lib/python3.8/subprocess.py:848: RuntimeWarning: line buffering (buffering=1) isn't supported in binary mode, the default buffer size will be used
  self.stdout = io.open(c2pread, 'rb', bufsize)
/usr/local/home/python3/python3/lib/python3.8/subprocess.py:853: RuntimeWarning: line buffering (buffering=1) isn't supported in binary mode, the default buffer size will be used
  self.stderr = io.open(errread, 'rb', bufsize)
cmd

end before line
finish
-------------------stop k8s-node02 --------------
kill: 用法:kill [-s 信号声明 | -n 信号编号 | -信号声明] 进程号 | 任务声明 ... 或 kill -l [信号声明]
/usr/local/home/zwr/stop.sh: 第 3 行:kill: (74389) - 没有那个进程
-------------------stop k8s-node03 --------------
kill: 用法:kill [-s 信号声明 | -n 信号编号 | -信号声明] 进程号 | 任务声明 ... 或 kill -l [信号声明]
/usr/local/home/zwr/stop.sh: 第 3 行:kill: (209574) - 没有那个进程
================= config10 =================
2022年 01月 10日 星期一 20:29:03 CST
/usr/local/home/python3/python3/lib/python3.8/subprocess.py:848: RuntimeWarning: line buffering (buffering=1) isn't supported in binary mode, the default buffer size will be used
  self.stdout = io.open(c2pread, 'rb', bufsize)
/usr/local/home/python3/python3/lib/python3.8/subprocess.py:853: RuntimeWarning: line buffering (buffering=1) isn't supported in binary mode, the default buffer size will be used
  self.stderr = io.open(errread, 'rb', bufsize)
cmd

end before line
finish
-------------------stop k8s-node02 --------------
kill: 用法:kill [-s 信号声明 | -n 信号编号 | -信号声明] 进程号 | 任务声明 ... 或 kill -l [信号声明]
/usr/local/home/zwr/stop.sh: 第 3 行:kill: (78986) - 没有那个进程
-------------------stop k8s-node03 --------------
kill: 用法:kill [-s 信号声明 | -n 信号编号 | -信号声明] 进程号 | 任务声明 ... 或 kill -l [信号声明]
/usr/local/home/zwr/stop.sh: 第 3 行:kill: (213320) - 没有那个进程
================= config11 =================
2022年 01月 10日 星期一 20:35:30 CST
/usr/local/home/python3/python3/lib/python3.8/subprocess.py:848: RuntimeWarning: line buffering (buffering=1) isn't supported in binary mode, the default buffer size will be used
  self.stdout = io.open(c2pread, 'rb', bufsize)
/usr/local/home/python3/python3/lib/python3.8/subprocess.py:853: RuntimeWarning: line buffering (buffering=1) isn't supported in binary mode, the default buffer size will be used
  self.stderr = io.open(errread, 'rb', bufsize)
cmd

end before line
finish
-------------------stop k8s-node02 --------------
kill: 用法:kill [-s 信号声明 | -n 信号编号 | -信号声明] 进程号 | 任务声明 ... 或 kill -l [信号声明]
/usr/local/home/zwr/stop.sh: 第 3 行:kill: (81273) - 没有那个进程
-------------------stop k8s-node03 --------------
kill: 用法:kill [-s 信号声明 | -n 信号编号 | -信号声明] 进程号 | 任务声明 ... 或 kill -l [信号声明]
/usr/local/home/zwr/stop.sh: 第 3 行:kill: (215374) - 没有那个进程
================= config12 =================
2022年 01月 10日 星期一 20:38:58 CST
/usr/local/home/python3/python3/lib/python3.8/subprocess.py:848: RuntimeWarning: line buffering (buffering=1) isn't supported in binary mode, the default buffer size will be used
  self.stdout = io.open(c2pread, 'rb', bufsize)
/usr/local/home/python3/python3/lib/python3.8/subprocess.py:853: RuntimeWarning: line buffering (buffering=1) isn't supported in binary mode, the default buffer size will be used
  self.stderr = io.open(errread, 'rb', bufsize)
cmd

end before line
finish
-------------------stop k8s-node02 --------------
kill: 用法:kill [-s 信号声明 | -n 信号编号 | -信号声明] 进程号 | 任务声明 ... 或 kill -l [信号声明]
/usr/local/home/zwr/stop.sh: 第 3 行:kill: (3679) - 没有那个进程
-------------------stop k8s-node03 --------------
kill: 用法:kill [-s 信号声明 | -n 信号编号 | -信号声明] 进程号 | 任务声明 ... 或 kill -l [信号声明]
/usr/local/home/zwr/stop.sh: 第 3 行:kill: (217651) - 没有那个进程
================= config13 =================
2022年 01月 10日 星期一 20:42:27 CST
/usr/local/home/python3/python3/lib/python3.8/subprocess.py:848: RuntimeWarning: line buffering (buffering=1) isn't supported in binary mode, the default buffer size will be used
  self.stdout = io.open(c2pread, 'rb', bufsize)
/usr/local/home/python3/python3/lib/python3.8/subprocess.py:853: RuntimeWarning: line buffering (buffering=1) isn't supported in binary mode, the default buffer size will be used
  self.stderr = io.open(errread, 'rb', bufsize)
cmd

end before line
finish
-------------------stop k8s-node02 --------------
kill: 用法:kill [-s 信号声明 | -n 信号编号 | -信号声明] 进程号 | 任务声明 ... 或 kill -l [信号声明]
/usr/local/home/zwr/stop.sh: 第 3 行:kill: (7466) - 没有那个进程
-------------------stop k8s-node03 --------------
kill: 用法:kill [-s 信号声明 | -n 信号编号 | -信号声明] 进程号 | 任务声明 ... 或 kill -l [信号声明]
/usr/local/home/zwr/stop.sh: 第 3 行:kill: (220057) - 没有那个进程
================= config14 =================
2022年 01月 10日 星期一 20:45:57 CST
/usr/local/home/python3/python3/lib/python3.8/subprocess.py:848: RuntimeWarning: line buffering (buffering=1) isn't supported in binary mode, the default buffer size will be used
  self.stdout = io.open(c2pread, 'rb', bufsize)
/usr/local/home/python3/python3/lib/python3.8/subprocess.py:853: RuntimeWarning: line buffering (buffering=1) isn't supported in binary mode, the default buffer size will be used
  self.stderr = io.open(errread, 'rb', bufsize)
cmd

end before line
finish
-------------------stop k8s-node02 --------------
kill: 用法:kill [-s 信号声明 | -n 信号编号 | -信号声明] 进程号 | 任务声明 ... 或 kill -l [信号声明]
/usr/local/home/zwr/stop.sh: 第 3 行:kill: (10666) - 没有那个进程
-------------------stop k8s-node03 --------------
kill: 用法:kill [-s 信号声明 | -n 信号编号 | -信号声明] 进程号 | 任务声明 ... 或 kill -l [信号声明]
/usr/local/home/zwr/stop.sh: 第 3 行:kill: (222267) - 没有那个进程
================= config15 =================
2022年 01月 10日 星期一 20:49:18 CST
/usr/local/home/python3/python3/lib/python3.8/subprocess.py:848: RuntimeWarning: line buffering (buffering=1) isn't supported in binary mode, the default buffer size will be used
  self.stdout = io.open(c2pread, 'rb', bufsize)
/usr/local/home/python3/python3/lib/python3.8/subprocess.py:853: RuntimeWarning: line buffering (buffering=1) isn't supported in binary mode, the default buffer size will be used
  self.stderr = io.open(errread, 'rb', bufsize)
cmd

end before line
finish
-------------------stop k8s-node02 --------------
kill: 用法:kill [-s 信号声明 | -n 信号编号 | -信号声明] 进程号 | 任务声明 ... 或 kill -l [信号声明]
/usr/local/home/zwr/stop.sh: 第 3 行:kill: (13935) - 没有那个进程
-------------------stop k8s-node03 --------------
kill: 用法:kill [-s 信号声明 | -n 信号编号 | -信号声明] 进程号 | 任务声明 ... 或 kill -l [信号声明]
/usr/local/home/zwr/stop.sh: 第 3 行:kill: (224545) - 没有那个进程
================= config16 =================
2022年 01月 10日 星期一 20:52:46 CST
/usr/local/home/python3/python3/lib/python3.8/subprocess.py:848: RuntimeWarning: line buffering (buffering=1) isn't supported in binary mode, the default buffer size will be used
  self.stdout = io.open(c2pread, 'rb', bufsize)
/usr/local/home/python3/python3/lib/python3.8/subprocess.py:853: RuntimeWarning: line buffering (buffering=1) isn't supported in binary mode, the default buffer size will be used
  self.stderr = io.open(errread, 'rb', bufsize)
cmd

end before line
finish
-------------------stop k8s-node02 --------------
kill: 用法:kill [-s 信号声明 | -n 信号编号 | -信号声明] 进程号 | 任务声明 ... 或 kill -l [信号声明]
/usr/local/home/zwr/stop.sh: 第 3 行:kill: (15969) - 没有那个进程
-------------------stop k8s-node03 --------------
kill: 用法:kill [-s 信号声明 | -n 信号编号 | -信号声明] 进程号 | 任务声明 ... 或 kill -l [信号声明]
/usr/local/home/zwr/stop.sh: 第 3 行:kill: (226401) - 没有那个进程
================= config17 =================
2022年 01月 10日 星期一 20:56:08 CST
/usr/local/home/python3/python3/lib/python3.8/subprocess.py:848: RuntimeWarning: line buffering (buffering=1) isn't supported in binary mode, the default buffer size will be used
  self.stdout = io.open(c2pread, 'rb', bufsize)
/usr/local/home/python3/python3/lib/python3.8/subprocess.py:853: RuntimeWarning: line buffering (buffering=1) isn't supported in binary mode, the default buffer size will be used
  self.stderr = io.open(errread, 'rb', bufsize)
cmd

end before line
finish
-------------------stop k8s-node02 --------------
kill: 用法:kill [-s 信号声明 | -n 信号编号 | -信号声明] 进程号 | 任务声明 ... 或 kill -l [信号声明]
/usr/local/home/zwr/stop.sh: 第 3 行:kill: (18973) - 没有那个进程
-------------------stop k8s-node03 --------------
kill: 用法:kill [-s 信号声明 | -n 信号编号 | -信号声明] 进程号 | 任务声明 ... 或 kill -l [信号声明]
/usr/local/home/zwr/stop.sh: 第 3 行:kill: (228534) - 没有那个进程
================= config18 =================
2022年 01月 10日 星期一 20:59:34 CST
/usr/local/home/python3/python3/lib/python3.8/subprocess.py:848: RuntimeWarning: line buffering (buffering=1) isn't supported in binary mode, the default buffer size will be used
  self.stdout = io.open(c2pread, 'rb', bufsize)
/usr/local/home/python3/python3/lib/python3.8/subprocess.py:853: RuntimeWarning: line buffering (buffering=1) isn't supported in binary mode, the default buffer size will be used
  self.stderr = io.open(errread, 'rb', bufsize)
cmd

end before line
finish
-------------------stop k8s-node02 --------------
kill: 用法:kill [-s 信号声明 | -n 信号编号 | -信号声明] 进程号 | 任务声明 ... 或 kill -l [信号声明]
/usr/local/home/zwr/stop.sh: 第 3 行:kill: (22216) - 没有那个进程
-------------------stop k8s-node03 --------------
kill: 用法:kill [-s 信号声明 | -n 信号编号 | -信号声明] 进程号 | 任务声明 ... 或 kill -l [信号声明]
/usr/local/home/zwr/stop.sh: 第 3 行:kill: (230823) - 没有那个进程
================= config19 =================
2022年 01月 10日 星期一 21:03:01 CST
/usr/local/home/python3/python3/lib/python3.8/subprocess.py:848: RuntimeWarning: line buffering (buffering=1) isn't supported in binary mode, the default buffer size will be used
  self.stdout = io.open(c2pread, 'rb', bufsize)
/usr/local/home/python3/python3/lib/python3.8/subprocess.py:853: RuntimeWarning: line buffering (buffering=1) isn't supported in binary mode, the default buffer size will be used
  self.stderr = io.open(errread, 'rb', bufsize)
cmd

end before line
finish
-------------------stop k8s-node02 --------------
kill: 用法:kill [-s 信号声明 | -n 信号编号 | -信号声明] 进程号 | 任务声明 ... 或 kill -l [信号声明]
/usr/local/home/zwr/stop.sh: 第 3 行:kill: (26583) - 没有那个进程
-------------------stop k8s-node03 --------------
kill: 用法:kill [-s 信号声明 | -n 信号编号 | -信号声明] 进程号 | 任务声明 ... 或 kill -l [信号声明]
/usr/local/home/zwr/stop.sh: 第 3 行:kill: (233675) - 没有那个进程
================= config20 =================
2022年 01月 10日 星期一 21:07:12 CST
/usr/local/home/python3/python3/lib/python3.8/subprocess.py:848: RuntimeWarning: line buffering (buffering=1) isn't supported in binary mode, the default buffer size will be used
  self.stdout = io.open(c2pread, 'rb', bufsize)
/usr/local/home/python3/python3/lib/python3.8/subprocess.py:853: RuntimeWarning: line buffering (buffering=1) isn't supported in binary mode, the default buffer size will be used
  self.stderr = io.open(errread, 'rb', bufsize)
cmd

end before line
finish
-------------------stop k8s-node02 --------------
kill: 用法:kill [-s 信号声明 | -n 信号编号 | -信号声明] 进程号 | 任务声明 ... 或 kill -l [信号声明]
/usr/local/home/zwr/stop.sh: 第 3 行:kill: (30110) - 没有那个进程
-------------------stop k8s-node03 --------------
kill: 用法:kill [-s 信号声明 | -n 信号编号 | -信号声明] 进程号 | 任务声明 ... 或 kill -l [信号声明]
/usr/local/home/zwr/stop.sh: 第 3 行:kill: (236131) - 没有那个进程
================= config21 =================
2022年 01月 10日 星期一 21:11:08 CST
/usr/local/home/python3/python3/lib/python3.8/subprocess.py:848: RuntimeWarning: line buffering (buffering=1) isn't supported in binary mode, the default buffer size will be used
  self.stdout = io.open(c2pread, 'rb', bufsize)
/usr/local/home/python3/python3/lib/python3.8/subprocess.py:853: RuntimeWarning: line buffering (buffering=1) isn't supported in binary mode, the default buffer size will be used
  self.stderr = io.open(errread, 'rb', bufsize)
cmd

end before line
finish
-------------------stop k8s-node02 --------------
kill: 用法:kill [-s 信号声明 | -n 信号编号 | -信号声明] 进程号 | 任务声明 ... 或 kill -l [信号声明]
/usr/local/home/zwr/stop.sh: 第 3 行:kill: (33330) - 没有那个进程
-------------------stop k8s-node03 --------------
kill: 用法:kill [-s 信号声明 | -n 信号编号 | -信号声明] 进程号 | 任务声明 ... 或 kill -l [信号声明]
/usr/local/home/zwr/stop.sh: 第 3 行:kill: (238380) - 没有那个进程
================= config22 =================
2022年 01月 10日 星期一 21:14:34 CST
/usr/local/home/python3/python3/lib/python3.8/subprocess.py:848: RuntimeWarning: line buffering (buffering=1) isn't supported in binary mode, the default buffer size will be used
  self.stdout = io.open(c2pread, 'rb', bufsize)
/usr/local/home/python3/python3/lib/python3.8/subprocess.py:853: RuntimeWarning: line buffering (buffering=1) isn't supported in binary mode, the default buffer size will be used
  self.stderr = io.open(errread, 'rb', bufsize)
cmd

end before line
finish
-------------------stop k8s-node02 --------------
kill: 用法:kill [-s 信号声明 | -n 信号编号 | -信号声明] 进程号 | 任务声明 ... 或 kill -l [信号声明]
/usr/local/home/zwr/stop.sh: 第 3 行:kill: (36579) - 没有那个进程
-------------------stop k8s-node03 --------------
kill: 用法:kill [-s 信号声明 | -n 信号编号 | -信号声明] 进程号 | 任务声明 ... 或 kill -l [信号声明]
/usr/local/home/zwr/stop.sh: 第 3 行:kill: (240632) - 没有那个进程
================= config23 =================
2022年 01月 10日 星期一 21:18:00 CST
/usr/local/home/python3/python3/lib/python3.8/subprocess.py:848: RuntimeWarning: line buffering (buffering=1) isn't supported in binary mode, the default buffer size will be used
  self.stdout = io.open(c2pread, 'rb', bufsize)
/usr/local/home/python3/python3/lib/python3.8/subprocess.py:853: RuntimeWarning: line buffering (buffering=1) isn't supported in binary mode, the default buffer size will be used
  self.stderr = io.open(errread, 'rb', bufsize)
cmd

end before line
finish
-------------------stop k8s-node02 --------------
kill: 用法:kill [-s 信号声明 | -n 信号编号 | -信号声明] 进程号 | 任务声明 ... 或 kill -l [信号声明]
/usr/local/home/zwr/stop.sh: 第 3 行:kill: (38927) - 没有那个进程
-------------------stop k8s-node03 --------------
kill: 用法:kill [-s 信号声明 | -n 信号编号 | -信号声明] 进程号 | 任务声明 ... 或 kill -l [信号声明]
/usr/local/home/zwr/stop.sh: 第 3 行:kill: (242662) - 没有那个进程
================= config24 =================
2022年 01月 10日 星期一 21:21:32 CST
/usr/local/home/python3/python3/lib/python3.8/subprocess.py:848: RuntimeWarning: line buffering (buffering=1) isn't supported in binary mode, the default buffer size will be used
  self.stdout = io.open(c2pread, 'rb', bufsize)
/usr/local/home/python3/python3/lib/python3.8/subprocess.py:853: RuntimeWarning: line buffering (buffering=1) isn't supported in binary mode, the default buffer size will be used
  self.stderr = io.open(errread, 'rb', bufsize)
cmd

end before line
finish
-------------------stop k8s-node02 --------------
kill: 用法:kill [-s 信号声明 | -n 信号编号 | -信号声明] 进程号 | 任务声明 ... 或 kill -l [信号声明]
/usr/local/home/zwr/stop.sh: 第 3 行:kill: (41379) - 没有那个进程
-------------------stop k8s-node03 --------------
kill: 用法:kill [-s 信号声明 | -n 信号编号 | -信号声明] 进程号 | 任务声明 ... 或 kill -l [信号声明]
/usr/local/home/zwr/stop.sh: 第 3 行:kill: (244824) - 没有那个进程
================= config25 =================
2022年 01月 10日 星期一 21:25:21 CST
/usr/local/home/python3/python3/lib/python3.8/subprocess.py:848: RuntimeWarning: line buffering (buffering=1) isn't supported in binary mode, the default buffer size will be used
  self.stdout = io.open(c2pread, 'rb', bufsize)
/usr/local/home/python3/python3/lib/python3.8/subprocess.py:853: RuntimeWarning: line buffering (buffering=1) isn't supported in binary mode, the default buffer size will be used
  self.stderr = io.open(errread, 'rb', bufsize)
cmd

end before line
finish
-------------------stop k8s-node02 --------------
kill: 用法:kill [-s 信号声明 | -n 信号编号 | -信号声明] 进程号 | 任务声明 ... 或 kill -l [信号声明]
/usr/local/home/zwr/stop.sh: 第 3 行:kill: (44644) - 没有那个进程
-------------------stop k8s-node03 --------------
kill: 用法:kill [-s 信号声明 | -n 信号编号 | -信号声明] 进程号 | 任务声明 ... 或 kill -l [信号声明]
/usr/local/home/zwr/stop.sh: 第 3 行:kill: (247282) - 没有那个进程
================= config26 =================
2022年 01月 10日 星期一 21:29:19 CST
/usr/local/home/python3/python3/lib/python3.8/subprocess.py:848: RuntimeWarning: line buffering (buffering=1) isn't supported in binary mode, the default buffer size will be used
  self.stdout = io.open(c2pread, 'rb', bufsize)
/usr/local/home/python3/python3/lib/python3.8/subprocess.py:853: RuntimeWarning: line buffering (buffering=1) isn't supported in binary mode, the default buffer size will be used
  self.stderr = io.open(errread, 'rb', bufsize)
cmd

end before line
finish
-------------------stop k8s-node02 --------------
kill: 用法:kill [-s 信号声明 | -n 信号编号 | -信号声明] 进程号 | 任务声明 ... 或 kill -l [信号声明]
/usr/local/home/zwr/stop.sh: 第 3 行:kill: (46931) - 没有那个进程
-------------------stop k8s-node03 --------------
kill: 用法:kill [-s 信号声明 | -n 信号编号 | -信号声明] 进程号 | 任务声明 ... 或 kill -l [信号声明]
/usr/local/home/zwr/stop.sh: 第 3 行:kill: (249336) - 没有那个进程
================= config27 =================
2022年 01月 10日 星期一 21:32:46 CST
/usr/local/home/python3/python3/lib/python3.8/subprocess.py:848: RuntimeWarning: line buffering (buffering=1) isn't supported in binary mode, the default buffer size will be used
  self.stdout = io.open(c2pread, 'rb', bufsize)
/usr/local/home/python3/python3/lib/python3.8/subprocess.py:853: RuntimeWarning: line buffering (buffering=1) isn't supported in binary mode, the default buffer size will be used
  self.stderr = io.open(errread, 'rb', bufsize)
cmd

end before line
finish
-------------------stop k8s-node02 --------------
kill: 用法:kill [-s 信号声明 | -n 信号编号 | -信号声明] 进程号 | 任务声明 ... 或 kill -l [信号声明]
/usr/local/home/zwr/stop.sh: 第 3 行:kill: (50133) - 没有那个进程
-------------------stop k8s-node03 --------------
kill: 用法:kill [-s 信号声明 | -n 信号编号 | -信号声明] 进程号 | 任务声明 ... 或 kill -l [信号声明]
/usr/local/home/zwr/stop.sh: 第 3 行:kill: (251697) - 没有那个进程
================= config28 =================
2022年 01月 10日 星期一 21:36:30 CST
/usr/local/home/python3/python3/lib/python3.8/subprocess.py:848: RuntimeWarning: line buffering (buffering=1) isn't supported in binary mode, the default buffer size will be used
  self.stdout = io.open(c2pread, 'rb', bufsize)
/usr/local/home/python3/python3/lib/python3.8/subprocess.py:853: RuntimeWarning: line buffering (buffering=1) isn't supported in binary mode, the default buffer size will be used
  self.stderr = io.open(errread, 'rb', bufsize)
cmd

end before line
finish
-------------------stop k8s-node02 --------------
kill: 用法:kill [-s 信号声明 | -n 信号编号 | -信号声明] 进程号 | 任务声明 ... 或 kill -l [信号声明]
/usr/local/home/zwr/stop.sh: 第 3 行:kill: (52372) - 没有那个进程
-------------------stop k8s-node03 --------------
kill: 用法:kill [-s 信号声明 | -n 信号编号 | -信号声明] 进程号 | 任务声明 ... 或 kill -l [信号声明]
/usr/local/home/zwr/stop.sh: 第 3 行:kill: (253651) - 没有那个进程
================= config29 =================
2022年 01月 10日 星期一 21:40:01 CST
/usr/local/home/python3/python3/lib/python3.8/subprocess.py:848: RuntimeWarning: line buffering (buffering=1) isn't supported in binary mode, the default buffer size will be used
  self.stdout = io.open(c2pread, 'rb', bufsize)
/usr/local/home/python3/python3/lib/python3.8/subprocess.py:853: RuntimeWarning: line buffering (buffering=1) isn't supported in binary mode, the default buffer size will be used
  self.stderr = io.open(errread, 'rb', bufsize)
cmd

end before line
finish
-------------------stop k8s-node02 --------------
kill: 用法:kill [-s 信号声明 | -n 信号编号 | -信号声明] 进程号 | 任务声明 ... 或 kill -l [信号声明]
/usr/local/home/zwr/stop.sh: 第 3 行:kill: (54887) - 没有那个进程
-------------------stop k8s-node03 --------------
kill: 用法:kill [-s 信号声明 | -n 信号编号 | -信号声明] 进程号 | 任务声明 ... 或 kill -l [信号声明]
/usr/local/home/zwr/stop.sh: 第 3 行:kill: (255921) - 没有那个进程
================= config30 =================
2022年 01月 10日 星期一 21:43:59 CST
/usr/local/home/python3/python3/lib/python3.8/subprocess.py:848: RuntimeWarning: line buffering (buffering=1) isn't supported in binary mode, the default buffer size will be used
  self.stdout = io.open(c2pread, 'rb', bufsize)
/usr/local/home/python3/python3/lib/python3.8/subprocess.py:853: RuntimeWarning: line buffering (buffering=1) isn't supported in binary mode, the default buffer size will be used
  self.stderr = io.open(errread, 'rb', bufsize)
cmd

end before line
finish
-------------------stop k8s-node02 --------------
kill: 用法:kill [-s 信号声明 | -n 信号编号 | -信号声明] 进程号 | 任务声明 ... 或 kill -l [信号声明]
/usr/local/home/zwr/stop.sh: 第 3 行:kill: (58398) - 没有那个进程
-------------------stop k8s-node03 --------------
kill: 用法:kill [-s 信号声明 | -n 信号编号 | -信号声明] 进程号 | 任务声明 ... 或 kill -l [信号声明]
/usr/local/home/zwr/stop.sh: 第 3 行:kill: (258414) - 没有那个进程
================= config31 =================
2022年 01月 10日 星期一 21:47:54 CST
/usr/local/home/python3/python3/lib/python3.8/subprocess.py:848: RuntimeWarning: line buffering (buffering=1) isn't supported in binary mode, the default buffer size will be used
  self.stdout = io.open(c2pread, 'rb', bufsize)
/usr/local/home/python3/python3/lib/python3.8/subprocess.py:853: RuntimeWarning: line buffering (buffering=1) isn't supported in binary mode, the default buffer size will be used
  self.stderr = io.open(errread, 'rb', bufsize)
cmd

end before line
finish
-------------------stop k8s-node02 --------------
kill: 用法:kill [-s 信号声明 | -n 信号编号 | -信号声明] 进程号 | 任务声明 ... 或 kill -l [信号声明]
/usr/local/home/zwr/stop.sh: 第 3 行:kill: (60720) - 没有那个进程
-------------------stop k8s-node03 --------------
kill: 用法:kill [-s 信号声明 | -n 信号编号 | -信号声明] 进程号 | 任务声明 ... 或 kill -l [信号声明]
/usr/local/home/zwr/stop.sh: 第 3 行:kill: (260481) - 没有那个进程
================= config32 =================
2022年 01月 10日 星期一 21:51:23 CST
/usr/local/home/python3/python3/lib/python3.8/subprocess.py:848: RuntimeWarning: line buffering (buffering=1) isn't supported in binary mode, the default buffer size will be used
  self.stdout = io.open(c2pread, 'rb', bufsize)
/usr/local/home/python3/python3/lib/python3.8/subprocess.py:853: RuntimeWarning: line buffering (buffering=1) isn't supported in binary mode, the default buffer size will be used
  self.stderr = io.open(errread, 'rb', bufsize)
cmd

end before line
finish
-------------------stop k8s-node02 --------------
kill: 用法:kill [-s 信号声明 | -n 信号编号 | -信号声明] 进程号 | 任务声明 ... 或 kill -l [信号声明]
/usr/local/home/zwr/stop.sh: 第 3 行:kill: (64156) - 没有那个进程
-------------------stop k8s-node03 --------------
kill: 用法:kill [-s 信号声明 | -n 信号编号 | -信号声明] 进程号 | 任务声明 ... 或 kill -l [信号声明]
/usr/local/home/zwr/stop.sh: 第 3 行:kill: (262969) - 没有那个进程
================= config33 =================
2022年 01月 10日 星期一 21:55:25 CST
/usr/local/home/python3/python3/lib/python3.8/subprocess.py:848: RuntimeWarning: line buffering (buffering=1) isn't supported in binary mode, the default buffer size will be used
  self.stdout = io.open(c2pread, 'rb', bufsize)
/usr/local/home/python3/python3/lib/python3.8/subprocess.py:853: RuntimeWarning: line buffering (buffering=1) isn't supported in binary mode, the default buffer size will be used
  self.stderr = io.open(errread, 'rb', bufsize)
cmd

end before line
finish
-------------------stop k8s-node02 --------------
kill: 用法:kill [-s 信号声明 | -n 信号编号 | -信号声明] 进程号 | 任务声明 ... 或 kill -l [信号声明]
/usr/local/home/zwr/stop.sh: 第 3 行:kill: (67612) - 没有那个进程
-------------------stop k8s-node03 --------------
kill: 用法:kill [-s 信号声明 | -n 信号编号 | -信号声明] 进程号 | 任务声明 ... 或 kill -l [信号声明]
/usr/local/home/zwr/stop.sh: 第 3 行:kill: (265406) - 没有那个进程
================= config34 =================
2022年 01月 10日 星期一 21:59:36 CST
/usr/local/home/python3/python3/lib/python3.8/subprocess.py:848: RuntimeWarning: line buffering (buffering=1) isn't supported in binary mode, the default buffer size will be used
  self.stdout = io.open(c2pread, 'rb', bufsize)
/usr/local/home/python3/python3/lib/python3.8/subprocess.py:853: RuntimeWarning: line buffering (buffering=1) isn't supported in binary mode, the default buffer size will be used
  self.stderr = io.open(errread, 'rb', bufsize)
cmd

end before line
finish
-------------------stop k8s-node02 --------------
kill: 用法:kill [-s 信号声明 | -n 信号编号 | -信号声明] 进程号 | 任务声明 ... 或 kill -l [信号声明]
/usr/local/home/zwr/stop.sh: 第 3 行:kill: (70890) - 没有那个进程
-------------------stop k8s-node03 --------------
kill: 用法:kill [-s 信号声明 | -n 信号编号 | -信号声明] 进程号 | 任务声明 ... 或 kill -l [信号声明]
/usr/local/home/zwr/stop.sh: 第 3 行:kill: (267699) - 没有那个进程
================= config35 =================
2022年 01月 10日 星期一 22:03:05 CST
/usr/local/home/python3/python3/lib/python3.8/subprocess.py:848: RuntimeWarning: line buffering (buffering=1) isn't supported in binary mode, the default buffer size will be used
  self.stdout = io.open(c2pread, 'rb', bufsize)
/usr/local/home/python3/python3/lib/python3.8/subprocess.py:853: RuntimeWarning: line buffering (buffering=1) isn't supported in binary mode, the default buffer size will be used
  self.stderr = io.open(errread, 'rb', bufsize)
cmd

end before line
finish
-------------------stop k8s-node02 --------------
kill: 用法:kill [-s 信号声明 | -n 信号编号 | -信号声明] 进程号 | 任务声明 ... 或 kill -l [信号声明]
/usr/local/home/zwr/stop.sh: 第 3 行:kill: (74852) - 没有那个进程
-------------------stop k8s-node03 --------------
kill: 用法:kill [-s 信号声明 | -n 信号编号 | -信号声明] 进程号 | 任务声明 ... 或 kill -l [信号声明]
/usr/local/home/zwr/stop.sh: 第 3 行:kill: (270384) - 没有那个进程
================= config36 =================
2022年 01月 10日 星期一 22:07:15 CST
/usr/local/home/python3/python3/lib/python3.8/subprocess.py:848: RuntimeWarning: line buffering (buffering=1) isn't supported in binary mode, the default buffer size will be used
  self.stdout = io.open(c2pread, 'rb', bufsize)
/usr/local/home/python3/python3/lib/python3.8/subprocess.py:853: RuntimeWarning: line buffering (buffering=1) isn't supported in binary mode, the default buffer size will be used
  self.stderr = io.open(errread, 'rb', bufsize)
cmd

end before line
finish
-------------------stop k8s-node02 --------------
kill: 用法:kill [-s 信号声明 | -n 信号编号 | -信号声明] 进程号 | 任务声明 ... 或 kill -l [信号声明]
/usr/local/home/zwr/stop.sh: 第 3 行:kill: (78849) - 没有那个进程
-------------------stop k8s-node03 --------------
kill: 用法:kill [-s 信号声明 | -n 信号编号 | -信号声明] 进程号 | 任务声明 ... 或 kill -l [信号声明]
/usr/local/home/zwr/stop.sh: 第 3 行:kill: (272995) - 没有那个进程
================= config37 =================
2022年 01月 10日 星期一 22:11:08 CST
/usr/local/home/python3/python3/lib/python3.8/subprocess.py:848: RuntimeWarning: line buffering (buffering=1) isn't supported in binary mode, the default buffer size will be used
  self.stdout = io.open(c2pread, 'rb', bufsize)
/usr/local/home/python3/python3/lib/python3.8/subprocess.py:853: RuntimeWarning: line buffering (buffering=1) isn't supported in binary mode, the default buffer size will be used
  self.stderr = io.open(errread, 'rb', bufsize)
cmd

end before line
finish
-------------------stop k8s-node02 --------------
kill: 用法:kill [-s 信号声明 | -n 信号编号 | -信号声明] 进程号 | 任务声明 ... 或 kill -l [信号声明]
/usr/local/home/zwr/stop.sh: 第 3 行:kill: (644) - 没有那个进程
-------------------stop k8s-node03 --------------
kill: 用法:kill [-s 信号声明 | -n 信号编号 | -信号声明] 进程号 | 任务声明 ... 或 kill -l [信号声明]
/usr/local/home/zwr/stop.sh: 第 3 行:kill: (275282) - 没有那个进程
================= config38 =================
2022年 01月 10日 星期一 22:14:38 CST
/usr/local/home/python3/python3/lib/python3.8/subprocess.py:848: RuntimeWarning: line buffering (buffering=1) isn't supported in binary mode, the default buffer size will be used
  self.stdout = io.open(c2pread, 'rb', bufsize)
/usr/local/home/python3/python3/lib/python3.8/subprocess.py:853: RuntimeWarning: line buffering (buffering=1) isn't supported in binary mode, the default buffer size will be used
  self.stderr = io.open(errread, 'rb', bufsize)
cmd

end before line
finish
-------------------stop k8s-node02 --------------
kill: 用法:kill [-s 信号声明 | -n 信号编号 | -信号声明] 进程号 | 任务声明 ... 或 kill -l [信号声明]
/usr/local/home/zwr/stop.sh: 第 3 行:kill: (4282) - 没有那个进程
-------------------stop k8s-node03 --------------
kill: 用法:kill [-s 信号声明 | -n 信号编号 | -信号声明] 进程号 | 任务声明 ... 或 kill -l [信号声明]
/usr/local/home/zwr/stop.sh: 第 3 行:kill: (277500) - 没有那个进程
================= config39 =================
2022年 01月 10日 星期一 22:18:06 CST
/usr/local/home/python3/python3/lib/python3.8/subprocess.py:848: RuntimeWarning: line buffering (buffering=1) isn't supported in binary mode, the default buffer size will be used
  self.stdout = io.open(c2pread, 'rb', bufsize)
/usr/local/home/python3/python3/lib/python3.8/subprocess.py:853: RuntimeWarning: line buffering (buffering=1) isn't supported in binary mode, the default buffer size will be used
  self.stderr = io.open(errread, 'rb', bufsize)
cmd

end before line
finish
-------------------stop k8s-node02 --------------
kill: 用法:kill [-s 信号声明 | -n 信号编号 | -信号声明] 进程号 | 任务声明 ... 或 kill -l [信号声明]
/usr/local/home/zwr/stop.sh: 第 3 行:kill: (7549) - 没有那个进程
-------------------stop k8s-node03 --------------
kill: 用法:kill [-s 信号声明 | -n 信号编号 | -信号声明] 进程号 | 任务声明 ... 或 kill -l [信号声明]
/usr/local/home/zwr/stop.sh: 第 3 行:kill: (279744) - 没有那个进程
================= config40 =================
2022年 01月 10日 星期一 22:21:30 CST
/usr/local/home/python3/python3/lib/python3.8/subprocess.py:848: RuntimeWarning: line buffering (buffering=1) isn't supported in binary mode, the default buffer size will be used
  self.stdout = io.open(c2pread, 'rb', bufsize)
/usr/local/home/python3/python3/lib/python3.8/subprocess.py:853: RuntimeWarning: line buffering (buffering=1) isn't supported in binary mode, the default buffer size will be used
  self.stderr = io.open(errread, 'rb', bufsize)
cmd

end before line
finish
-------------------stop k8s-node02 --------------
kill: 用法:kill [-s 信号声明 | -n 信号编号 | -信号声明] 进程号 | 任务声明 ... 或 kill -l [信号声明]
/usr/local/home/zwr/stop.sh: 第 3 行:kill: (9590) - 没有那个进程
-------------------stop k8s-node03 --------------
kill: 用法:kill [-s 信号声明 | -n 信号编号 | -信号声明] 进程号 | 任务声明 ... 或 kill -l [信号声明]
/usr/local/home/zwr/stop.sh: 第 3 行:kill: (281689) - 没有那个进程
RS_Precision_Bayesian_Optimization.py:123: UserWarning: Glyph 36845 (\N{CJK UNIFIED IDEOGRAPH-8FED}) missing from current font.
  plt.savefig("/usr/local/home/yyq/bo/rs_bo_precision/rs_precision_target.png")
RS_Precision_Bayesian_Optimization.py:123: UserWarning: Glyph 20195 (\N{CJK UNIFIED IDEOGRAPH-4EE3}) missing from current font.
  plt.savefig("/usr/local/home/yyq/bo/rs_bo_precision/rs_precision_target.png")
RS_Precision_Bayesian_Optimization.py:123: UserWarning: Glyph 27425 (\N{CJK UNIFIED IDEOGRAPH-6B21}) missing from current font.
  plt.savefig("/usr/local/home/yyq/bo/rs_bo_precision/rs_precision_target.png")
RS_Precision_Bayesian_Optimization.py:123: UserWarning: Glyph 25968 (\N{CJK UNIFIED IDEOGRAPH-6570}) missing from current font.
  plt.savefig("/usr/local/home/yyq/bo/rs_bo_precision/rs_precision_target.png")
{'maxIndex': 14, 'target': -189.848, 'params': {'spark.broadcast.blockSize': 60.0, 'spark.broadcast.checksum': 0.0, 'spark.broadcast.compress': 0.0, 'spark.default.parallelism': 463.0, 'spark.executor.cores': 3.0, 'spark.executor.instances': 7.0, 'spark.executor.memory': 3.0, 'spark.executor.memoryOverhead': 431.0, 'spark.kryoserializer.buffer': 117.0, 'spark.kryoserializer.buffer.max': 95.0, 'spark.locality.wait': 9.0, 'spark.maxRemoteBlockSizeFetchToMem': 1800558635.0, 'spark.memory.fraction': 0.74, 'spark.memory.offHeap.enabled': 0.0, 'spark.memory.offHeap.size': 695.0, 'spark.memory.storageFraction': 0.67, 'spark.rdd.compress': 0.0, 'spark.reducer.maxBlocksInFlightPerAddress': 1524924528.0, 'spark.reducer.maxReqsInFlight': 1157935816.0, 'spark.reducer.maxSizeInFlight': 26.0, 'spark.scheduler.mode': 0.0, 'spark.scheduler.revive.interval': 506.0, 'spark.shuffle.compress': 0.0, 'spark.shuffle.file.buffer': 43.0, 'spark.shuffle.io.numConnectionsPerPeer': 1.0, 'spark.shuffle.sort.bypassMergeThreshold': 254.0, 'spark.storage.memoryFraction': 0.79, 'spark.storage.memoryMapThreshold': 2.0}}
=============== finish wordcount-100G ===============
2022年 01月 10日 星期一 22:24:51 CST
=============== finish wordcount-100G ===============
